2018-09-28 20:07:40,305 [Worker-6] INFO  c.g.t.t.d.PublishedGradleVersions - Gradle version information cache is not available. Remote download required.
2018-09-28 20:07:44,506 [Worker-1] INFO  o.e.m.c.i.i.nexus.NexusIndexManager - Updating index for repository: central|https://repo.maven.apache.org/maven2
2018-09-28 20:07:47,902 [Worker-5] INFO  o.e.m.c.i.e.AbstractTransferListenerAdapter - Downloaded https://repo.maven.apache.org/maven2/org/icefaces/icefaces/1.8.0/icefaces-1.8.0.jar
2018-09-28 20:07:49,082 [Worker-5] INFO  o.e.m.c.i.e.AbstractTransferListenerAdapter - Downloading https://repo.maven.apache.org/maven2/org/apache/maven/plugins/maven-clean-plugin/2.5/maven-clean-plugin-2.5.pom
2018-09-28 20:07:49,290 [Worker-5] INFO  o.e.m.c.i.e.AbstractTransferListenerAdapter - Downloaded https://repo.maven.apache.org/maven2/org/apache/maven/plugins/maven-clean-plugin/2.5/maven-clean-plugin-2.5.pom
2018-09-28 20:07:49,514 [Worker-5] INFO  o.e.m.c.i.e.AbstractTransferListenerAdapter - Downloading https://repo.maven.apache.org/maven2/org/apache/maven/plugins/maven-plugins/22/maven-plugins-22.pom
2018-09-28 20:07:49,746 [Worker-5] INFO  o.e.m.c.i.e.AbstractTransferListenerAdapter - Downloaded https://repo.maven.apache.org/maven2/org/apache/maven/plugins/maven-plugins/22/maven-plugins-22.pom
2018-09-28 20:07:49,958 [Worker-5] INFO  o.e.m.c.i.e.AbstractTransferListenerAdapter - Downloading https://repo.maven.apache.org/maven2/org/apache/maven/maven-parent/21/maven-parent-21.pom
2018-09-28 20:07:50,255 [Worker-5] INFO  o.e.m.c.i.e.AbstractTransferListenerAdapter - Downloaded https://repo.maven.apache.org/maven2/org/apache/maven/maven-parent/21/maven-parent-21.pom
2018-09-28 20:07:50,463 [Worker-5] INFO  o.e.m.c.i.e.AbstractTransferListenerAdapter - Downloading https://repo.maven.apache.org/maven2/org/apache/apache/10/apache-10.pom
2018-09-28 20:07:50,717 [Worker-5] INFO  o.e.m.c.i.e.AbstractTransferListenerAdapter - Downloaded https://repo.maven.apache.org/maven2/org/apache/apache/10/apache-10.pom
2018-09-28 20:07:50,931 [Worker-5] INFO  o.e.m.c.i.e.AbstractTransferListenerAdapter - Downloading https://repo.maven.apache.org/maven2/org/apache/maven/plugins/maven-clean-plugin/2.5/maven-clean-plugin-2.5.jar
2018-09-28 20:07:51,176 [Worker-5] INFO  o.e.m.c.i.e.AbstractTransferListenerAdapter - Downloaded https://repo.maven.apache.org/maven2/org/apache/maven/plugins/maven-clean-plugin/2.5/maven-clean-plugin-2.5.jar
2018-09-28 20:07:51,442 [Worker-5] INFO  o.e.m.c.i.e.AbstractTransferListenerAdapter - Downloading https://repo.maven.apache.org/maven2/org/apache/maven/plugins/maven-install-plugin/2.4/maven-install-plugin-2.4.pom
2018-09-28 20:07:51,654 [Worker-5] INFO  o.e.m.c.i.e.AbstractTransferListenerAdapter - Downloaded https://repo.maven.apache.org/maven2/org/apache/maven/plugins/maven-install-plugin/2.4/maven-install-plugin-2.4.pom
2018-09-28 20:07:51,866 [Worker-5] INFO  o.e.m.c.i.e.AbstractTransferListenerAdapter - Downloading https://repo.maven.apache.org/maven2/org/apache/maven/plugins/maven-plugins/23/maven-plugins-23.pom
2018-09-28 20:07:52,084 [Worker-5] INFO  o.e.m.c.i.e.AbstractTransferListenerAdapter - Downloaded https://repo.maven.apache.org/maven2/org/apache/maven/plugins/maven-plugins/23/maven-plugins-23.pom
2018-09-28 20:07:52,298 [Worker-5] INFO  o.e.m.c.i.e.AbstractTransferListenerAdapter - Downloading https://repo.maven.apache.org/maven2/org/apache/maven/maven-parent/22/maven-parent-22.pom
2018-09-28 20:07:52,555 [Worker-5] INFO  o.e.m.c.i.e.AbstractTransferListenerAdapter - Downloaded https://repo.maven.apache.org/maven2/org/apache/maven/maven-parent/22/maven-parent-22.pom
2018-09-28 20:07:52,772 [Worker-5] INFO  o.e.m.c.i.e.AbstractTransferListenerAdapter - Downloading https://repo.maven.apache.org/maven2/org/apache/apache/11/apache-11.pom
2018-09-28 20:07:53,016 [Worker-5] INFO  o.e.m.c.i.e.AbstractTransferListenerAdapter - Downloaded https://repo.maven.apache.org/maven2/org/apache/apache/11/apache-11.pom
2018-09-28 20:07:53,228 [Worker-5] INFO  o.e.m.c.i.e.AbstractTransferListenerAdapter - Downloading https://repo.maven.apache.org/maven2/org/apache/maven/plugins/maven-install-plugin/2.4/maven-install-plugin-2.4.jar
2018-09-28 20:07:53,470 [Worker-5] INFO  o.e.m.c.i.e.AbstractTransferListenerAdapter - Downloaded https://repo.maven.apache.org/maven2/org/apache/maven/plugins/maven-install-plugin/2.4/maven-install-plugin-2.4.jar
2018-09-28 20:07:53,741 [Worker-5] INFO  o.e.m.c.i.e.AbstractTransferListenerAdapter - Downloading https://repo.maven.apache.org/maven2/org/apache/maven/maven-plugin-api/2.0.6/maven-plugin-api-2.0.6.pom
2018-09-28 20:07:53,947 [Worker-5] INFO  o.e.m.c.i.e.AbstractTransferListenerAdapter - Downloaded https://repo.maven.apache.org/maven2/org/apache/maven/maven-plugin-api/2.0.6/maven-plugin-api-2.0.6.pom
2018-09-28 20:07:54,154 [Worker-5] INFO  o.e.m.c.i.e.AbstractTransferListenerAdapter - Downloading https://repo.maven.apache.org/maven2/org/apache/maven/maven/2.0.6/maven-2.0.6.pom
2018-09-28 20:07:54,368 [Worker-5] INFO  o.e.m.c.i.e.AbstractTransferListenerAdapter - Downloaded https://repo.maven.apache.org/maven2/org/apache/maven/maven/2.0.6/maven-2.0.6.pom
2018-09-28 20:07:54,582 [Worker-5] INFO  o.e.m.c.i.e.AbstractTransferListenerAdapter - Downloading https://repo.maven.apache.org/maven2/org/apache/maven/maven-parent/5/maven-parent-5.pom
2018-09-28 20:07:54,844 [Worker-5] INFO  o.e.m.c.i.e.AbstractTransferListenerAdapter - Downloaded https://repo.maven.apache.org/maven2/org/apache/maven/maven-parent/5/maven-parent-5.pom
2018-09-28 20:07:55,057 [Worker-5] INFO  o.e.m.c.i.e.AbstractTransferListenerAdapter - Downloading https://repo.maven.apache.org/maven2/org/apache/apache/3/apache-3.pom
2018-09-28 20:07:55,263 [Worker-5] INFO  o.e.m.c.i.e.AbstractTransferListenerAdapter - Downloaded https://repo.maven.apache.org/maven2/org/apache/apache/3/apache-3.pom
2018-09-28 20:07:55,473 [Worker-5] INFO  o.e.m.c.i.e.AbstractTransferListenerAdapter - Downloading https://repo.maven.apache.org/maven2/org/apache/maven/maven-project/2.0.6/maven-project-2.0.6.pom
2018-09-28 20:07:55,682 [Worker-5] INFO  o.e.m.c.i.e.AbstractTransferListenerAdapter - Downloaded https://repo.maven.apache.org/maven2/org/apache/maven/maven-project/2.0.6/maven-project-2.0.6.pom
2018-09-28 20:07:55,890 [Worker-5] INFO  o.e.m.c.i.e.AbstractTransferListenerAdapter - Downloading https://repo.maven.apache.org/maven2/org/apache/maven/maven-settings/2.0.6/maven-settings-2.0.6.pom
2018-09-28 20:07:56,096 [Worker-5] INFO  o.e.m.c.i.e.AbstractTransferListenerAdapter - Downloaded https://repo.maven.apache.org/maven2/org/apache/maven/maven-settings/2.0.6/maven-settings-2.0.6.pom
2018-09-28 20:07:56,311 [Worker-5] INFO  o.e.m.c.i.e.AbstractTransferListenerAdapter - Downloading https://repo.maven.apache.org/maven2/org/apache/maven/maven-model/2.0.6/maven-model-2.0.6.pom
2018-09-28 20:07:56,516 [Worker-5] INFO  o.e.m.c.i.e.AbstractTransferListenerAdapter - Downloaded https://repo.maven.apache.org/maven2/org/apache/maven/maven-model/2.0.6/maven-model-2.0.6.pom
2018-09-28 20:07:56,725 [Worker-5] INFO  o.e.m.c.i.e.AbstractTransferListenerAdapter - Downloading https://repo.maven.apache.org/maven2/org/codehaus/plexus/plexus-utils/1.4.1/plexus-utils-1.4.1.pom
2018-09-28 20:07:56,934 [Worker-5] INFO  o.e.m.c.i.e.AbstractTransferListenerAdapter - Downloaded https://repo.maven.apache.org/maven2/org/codehaus/plexus/plexus-utils/1.4.1/plexus-utils-1.4.1.pom
2018-09-28 20:07:57,143 [Worker-5] INFO  o.e.m.c.i.e.AbstractTransferListenerAdapter - Downloading https://repo.maven.apache.org/maven2/org/codehaus/plexus/plexus/1.0.11/plexus-1.0.11.pom
2018-09-28 20:07:57,438 [Worker-5] INFO  o.e.m.c.i.e.AbstractTransferListenerAdapter - Downloaded https://repo.maven.apache.org/maven2/org/codehaus/plexus/plexus/1.0.11/plexus-1.0.11.pom
2018-09-28 20:07:57,652 [Worker-5] INFO  o.e.m.c.i.e.AbstractTransferListenerAdapter - Downloading https://repo.maven.apache.org/maven2/org/codehaus/plexus/plexus-container-default/1.0-alpha-9-stable-1/plexus-container-default-1.0-alpha-9-stable-1.pom
2018-09-28 20:07:57,866 [Worker-5] INFO  o.e.m.c.i.e.AbstractTransferListenerAdapter - Downloaded https://repo.maven.apache.org/maven2/org/codehaus/plexus/plexus-container-default/1.0-alpha-9-stable-1/plexus-container-default-1.0-alpha-9-stable-1.pom
2018-09-28 20:07:58,084 [Worker-5] INFO  o.e.m.c.i.e.AbstractTransferListenerAdapter - Downloading https://repo.maven.apache.org/maven2/org/codehaus/plexus/plexus-containers/1.0.3/plexus-containers-1.0.3.pom
2018-09-28 20:07:58,365 [Worker-5] INFO  o.e.m.c.i.e.AbstractTransferListenerAdapter - Downloaded https://repo.maven.apache.org/maven2/org/codehaus/plexus/plexus-containers/1.0.3/plexus-containers-1.0.3.pom
2018-09-28 20:07:58,580 [Worker-5] INFO  o.e.m.c.i.e.AbstractTransferListenerAdapter - Downloading https://repo.maven.apache.org/maven2/org/codehaus/plexus/plexus/1.0.4/plexus-1.0.4.pom
2018-09-28 20:07:58,789 [Worker-5] INFO  o.e.m.c.i.e.AbstractTransferListenerAdapter - Downloaded https://repo.maven.apache.org/maven2/org/codehaus/plexus/plexus/1.0.4/plexus-1.0.4.pom
2018-09-28 20:07:58,997 [Worker-5] INFO  o.e.m.c.i.e.AbstractTransferListenerAdapter - Downloading https://repo.maven.apache.org/maven2/junit/junit/3.8.1/junit-3.8.1.pom
2018-09-28 20:07:59,201 [Worker-5] INFO  o.e.m.c.i.e.AbstractTransferListenerAdapter - Downloaded https://repo.maven.apache.org/maven2/junit/junit/3.8.1/junit-3.8.1.pom
2018-09-28 20:07:59,411 [Worker-5] INFO  o.e.m.c.i.e.AbstractTransferListenerAdapter - Downloading https://repo.maven.apache.org/maven2/org/codehaus/plexus/plexus-utils/1.0.4/plexus-utils-1.0.4.pom
2018-09-28 20:07:59,621 [Worker-5] INFO  o.e.m.c.i.e.AbstractTransferListenerAdapter - Downloaded https://repo.maven.apache.org/maven2/org/codehaus/plexus/plexus-utils/1.0.4/plexus-utils-1.0.4.pom
2018-09-28 20:07:59,829 [Worker-5] INFO  o.e.m.c.i.e.AbstractTransferListenerAdapter - Downloading https://repo.maven.apache.org/maven2/classworlds/classworlds/1.1-alpha-2/classworlds-1.1-alpha-2.pom
2018-09-28 20:08:00,041 [Worker-5] INFO  o.e.m.c.i.e.AbstractTransferListenerAdapter - Downloaded https://repo.maven.apache.org/maven2/classworlds/classworlds/1.1-alpha-2/classworlds-1.1-alpha-2.pom
2018-09-28 20:08:00,249 [Worker-5] INFO  o.e.m.c.i.e.AbstractTransferListenerAdapter - Downloading https://repo.maven.apache.org/maven2/org/apache/maven/maven-profile/2.0.6/maven-profile-2.0.6.pom
2018-09-28 20:08:00,456 [Worker-5] INFO  o.e.m.c.i.e.AbstractTransferListenerAdapter - Downloaded https://repo.maven.apache.org/maven2/org/apache/maven/maven-profile/2.0.6/maven-profile-2.0.6.pom
2018-09-28 20:08:00,663 [Worker-5] INFO  o.e.m.c.i.e.AbstractTransferListenerAdapter - Downloading https://repo.maven.apache.org/maven2/org/apache/maven/maven-artifact-manager/2.0.6/maven-artifact-manager-2.0.6.pom
2018-09-28 20:08:00,867 [Worker-5] INFO  o.e.m.c.i.e.AbstractTransferListenerAdapter - Downloaded https://repo.maven.apache.org/maven2/org/apache/maven/maven-artifact-manager/2.0.6/maven-artifact-manager-2.0.6.pom
2018-09-28 20:08:01,754 [Worker-5] INFO  o.e.m.c.i.e.AbstractTransferListenerAdapter - Downloading https://repo.maven.apache.org/maven2/org/apache/maven/maven-repository-metadata/2.0.6/maven-repository-metadata-2.0.6.pom
2018-09-28 20:08:01,959 [Worker-5] INFO  o.e.m.c.i.e.AbstractTransferListenerAdapter - Downloaded https://repo.maven.apache.org/maven2/org/apache/maven/maven-repository-metadata/2.0.6/maven-repository-metadata-2.0.6.pom
2018-09-28 20:08:02,171 [Worker-5] INFO  o.e.m.c.i.e.AbstractTransferListenerAdapter - Downloading https://repo.maven.apache.org/maven2/org/apache/maven/maven-artifact/2.0.6/maven-artifact-2.0.6.pom
2018-09-28 20:08:02,685 [Worker-5] INFO  o.e.m.c.i.e.AbstractTransferListenerAdapter - Downloaded https://repo.maven.apache.org/maven2/org/apache/maven/maven-artifact/2.0.6/maven-artifact-2.0.6.pom
2018-09-28 20:08:02,901 [Worker-5] INFO  o.e.m.c.i.e.AbstractTransferListenerAdapter - Downloading https://repo.maven.apache.org/maven2/org/apache/maven/maven-plugin-registry/2.0.6/maven-plugin-registry-2.0.6.pom
2018-09-28 20:08:03,105 [Worker-5] INFO  o.e.m.c.i.e.AbstractTransferListenerAdapter - Downloaded https://repo.maven.apache.org/maven2/org/apache/maven/maven-plugin-registry/2.0.6/maven-plugin-registry-2.0.6.pom
2018-09-28 20:08:03,315 [Worker-5] INFO  o.e.m.c.i.e.AbstractTransferListenerAdapter - Downloading https://repo.maven.apache.org/maven2/org/codehaus/plexus/plexus-utils/3.0.5/plexus-utils-3.0.5.pom
2018-09-28 20:08:03,529 [Worker-5] INFO  o.e.m.c.i.e.AbstractTransferListenerAdapter - Downloaded https://repo.maven.apache.org/maven2/org/codehaus/plexus/plexus-utils/3.0.5/plexus-utils-3.0.5.pom
2018-09-28 20:08:03,791 [Worker-5] INFO  o.e.m.c.i.e.AbstractTransferListenerAdapter - Downloading https://repo.maven.apache.org/maven2/org/codehaus/plexus/plexus/3.1/plexus-3.1.pom
2018-09-28 20:08:04,049 [Worker-5] INFO  o.e.m.c.i.e.AbstractTransferListenerAdapter - Downloaded https://repo.maven.apache.org/maven2/org/codehaus/plexus/plexus/3.1/plexus-3.1.pom
2018-09-28 20:08:04,258 [Worker-5] INFO  o.e.m.c.i.e.AbstractTransferListenerAdapter - Downloading https://repo.maven.apache.org/maven2/org/sonatype/spice/spice-parent/17/spice-parent-17.pom
2018-09-28 20:08:04,478 [Worker-5] INFO  o.e.m.c.i.e.AbstractTransferListenerAdapter - Downloaded https://repo.maven.apache.org/maven2/org/sonatype/spice/spice-parent/17/spice-parent-17.pom
2018-09-28 20:08:04,686 [Worker-5] INFO  o.e.m.c.i.e.AbstractTransferListenerAdapter - Downloading https://repo.maven.apache.org/maven2/org/sonatype/forge/forge-parent/10/forge-parent-10.pom
2018-09-28 20:08:04,999 [Worker-5] INFO  o.e.m.c.i.e.AbstractTransferListenerAdapter - Downloaded https://repo.maven.apache.org/maven2/org/sonatype/forge/forge-parent/10/forge-parent-10.pom
2018-09-28 20:08:05,282 [Worker-5] INFO  o.e.m.c.i.e.AbstractTransferListenerAdapter - Downloading https://repo.maven.apache.org/maven2/org/codehaus/plexus/plexus-digest/1.0/plexus-digest-1.0.pom
2018-09-28 20:08:05,551 [Worker-5] INFO  o.e.m.c.i.e.AbstractTransferListenerAdapter - Downloaded https://repo.maven.apache.org/maven2/org/codehaus/plexus/plexus-digest/1.0/plexus-digest-1.0.pom
2018-09-28 20:08:05,811 [Worker-5] INFO  o.e.m.c.i.e.AbstractTransferListenerAdapter - Downloading https://repo.maven.apache.org/maven2/org/codehaus/plexus/plexus-components/1.1.7/plexus-components-1.1.7.pom
2018-09-28 20:08:06,094 [Worker-5] INFO  o.e.m.c.i.e.AbstractTransferListenerAdapter - Downloaded https://repo.maven.apache.org/maven2/org/codehaus/plexus/plexus-components/1.1.7/plexus-components-1.1.7.pom
2018-09-28 20:08:06,360 [Worker-5] INFO  o.e.m.c.i.e.AbstractTransferListenerAdapter - Downloading https://repo.maven.apache.org/maven2/org/codehaus/plexus/plexus/1.0.8/plexus-1.0.8.pom
2018-09-28 20:08:06,625 [Worker-5] INFO  o.e.m.c.i.e.AbstractTransferListenerAdapter - Downloaded https://repo.maven.apache.org/maven2/org/codehaus/plexus/plexus/1.0.8/plexus-1.0.8.pom
2018-09-28 20:08:06,851 [Worker-5] INFO  o.e.m.c.i.e.AbstractTransferListenerAdapter - Downloading https://repo.maven.apache.org/maven2/org/codehaus/plexus/plexus-container-default/1.0-alpha-8/plexus-container-default-1.0-alpha-8.pom
2018-09-28 20:08:07,065 [Worker-5] INFO  o.e.m.c.i.e.AbstractTransferListenerAdapter - Downloaded https://repo.maven.apache.org/maven2/org/codehaus/plexus/plexus-container-default/1.0-alpha-8/plexus-container-default-1.0-alpha-8.pom
2018-09-28 20:08:07,300 [Worker-5] INFO  o.e.m.c.i.e.AbstractTransferListenerAdapter - Downloading https://repo.maven.apache.org/maven2/org/apache/maven/maven-plugin-api/2.0.6/maven-plugin-api-2.0.6.jar
2018-09-28 20:08:07,553 [Worker-5] INFO  o.e.m.c.i.e.AbstractTransferListenerAdapter - Downloaded https://repo.maven.apache.org/maven2/org/apache/maven/maven-plugin-api/2.0.6/maven-plugin-api-2.0.6.jar
2018-09-28 20:08:07,763 [Worker-5] INFO  o.e.m.c.i.e.AbstractTransferListenerAdapter - Downloading https://repo.maven.apache.org/maven2/org/apache/maven/maven-project/2.0.6/maven-project-2.0.6.jar
2018-09-28 20:08:08,485 [Worker-5] INFO  o.e.m.c.i.e.AbstractTransferListenerAdapter - Downloaded https://repo.maven.apache.org/maven2/org/apache/maven/maven-project/2.0.6/maven-project-2.0.6.jar
2018-09-28 20:08:08,727 [Worker-5] INFO  o.e.m.c.i.e.AbstractTransferListenerAdapter - Downloading https://repo.maven.apache.org/maven2/org/apache/maven/maven-settings/2.0.6/maven-settings-2.0.6.jar
2018-09-28 20:08:09,502 [Worker-5] INFO  o.e.m.c.i.e.AbstractTransferListenerAdapter - Downloaded https://repo.maven.apache.org/maven2/org/apache/maven/maven-settings/2.0.6/maven-settings-2.0.6.jar
2018-09-28 20:08:09,776 [Worker-5] INFO  o.e.m.c.i.e.AbstractTransferListenerAdapter - Downloading https://repo.maven.apache.org/maven2/org/apache/maven/maven-profile/2.0.6/maven-profile-2.0.6.jar
2018-09-28 20:08:10,144 [Worker-5] INFO  o.e.m.c.i.e.AbstractTransferListenerAdapter - Downloaded https://repo.maven.apache.org/maven2/org/apache/maven/maven-profile/2.0.6/maven-profile-2.0.6.jar
2018-09-28 20:08:10,409 [Worker-5] INFO  o.e.m.c.i.e.AbstractTransferListenerAdapter - Downloading https://repo.maven.apache.org/maven2/org/apache/maven/maven-plugin-registry/2.0.6/maven-plugin-registry-2.0.6.jar
2018-09-28 20:08:10,704 [Worker-5] INFO  o.e.m.c.i.e.AbstractTransferListenerAdapter - Downloaded https://repo.maven.apache.org/maven2/org/apache/maven/maven-plugin-registry/2.0.6/maven-plugin-registry-2.0.6.jar
2018-09-28 20:08:10,967 [Worker-5] INFO  o.e.m.c.i.e.AbstractTransferListenerAdapter - Downloading https://repo.maven.apache.org/maven2/org/codehaus/plexus/plexus-container-default/1.0-alpha-9-stable-1/plexus-container-default-1.0-alpha-9-stable-1.jar
2018-09-28 20:08:13,296 [Worker-5] INFO  o.e.m.c.i.e.AbstractTransferListenerAdapter - Downloaded https://repo.maven.apache.org/maven2/org/codehaus/plexus/plexus-container-default/1.0-alpha-9-stable-1/plexus-container-default-1.0-alpha-9-stable-1.jar
2018-09-28 20:08:13,499 [Worker-5] INFO  o.e.m.c.i.e.AbstractTransferListenerAdapter - Downloading https://repo.maven.apache.org/maven2/junit/junit/3.8.1/junit-3.8.1.jar
2018-09-28 20:08:14,521 [Worker-5] INFO  o.e.m.c.i.e.AbstractTransferListenerAdapter - Downloaded https://repo.maven.apache.org/maven2/junit/junit/3.8.1/junit-3.8.1.jar
2018-09-28 20:08:14,728 [Worker-5] INFO  o.e.m.c.i.e.AbstractTransferListenerAdapter - Downloading https://repo.maven.apache.org/maven2/classworlds/classworlds/1.1-alpha-2/classworlds-1.1-alpha-2.jar
2018-09-28 20:08:15,089 [Worker-5] INFO  o.e.m.c.i.e.AbstractTransferListenerAdapter - Downloaded https://repo.maven.apache.org/maven2/classworlds/classworlds/1.1-alpha-2/classworlds-1.1-alpha-2.jar
2018-09-28 20:08:15,295 [Worker-5] INFO  o.e.m.c.i.e.AbstractTransferListenerAdapter - Downloading https://repo.maven.apache.org/maven2/org/apache/maven/maven-model/2.0.6/maven-model-2.0.6.jar
2018-09-28 20:08:15,910 [Worker-5] INFO  o.e.m.c.i.e.AbstractTransferListenerAdapter - Downloaded https://repo.maven.apache.org/maven2/org/apache/maven/maven-model/2.0.6/maven-model-2.0.6.jar
2018-09-28 20:08:16,158 [Worker-5] INFO  o.e.m.c.i.e.AbstractTransferListenerAdapter - Downloading https://repo.maven.apache.org/maven2/org/apache/maven/maven-artifact-manager/2.0.6/maven-artifact-manager-2.0.6.jar
2018-09-28 20:08:16,559 [Worker-5] INFO  o.e.m.c.i.e.AbstractTransferListenerAdapter - Downloaded https://repo.maven.apache.org/maven2/org/apache/maven/maven-artifact-manager/2.0.6/maven-artifact-manager-2.0.6.jar
2018-09-28 20:08:16,813 [Worker-5] INFO  o.e.m.c.i.e.AbstractTransferListenerAdapter - Downloading https://repo.maven.apache.org/maven2/org/apache/maven/maven-repository-metadata/2.0.6/maven-repository-metadata-2.0.6.jar
2018-09-28 20:08:17,048 [Worker-5] INFO  o.e.m.c.i.e.AbstractTransferListenerAdapter - Downloaded https://repo.maven.apache.org/maven2/org/apache/maven/maven-repository-metadata/2.0.6/maven-repository-metadata-2.0.6.jar
2018-09-28 20:08:17,300 [Worker-5] INFO  o.e.m.c.i.e.AbstractTransferListenerAdapter - Downloading https://repo.maven.apache.org/maven2/org/apache/maven/maven-artifact/2.0.6/maven-artifact-2.0.6.jar
2018-09-28 20:08:17,822 [Worker-5] INFO  o.e.m.c.i.e.AbstractTransferListenerAdapter - Downloaded https://repo.maven.apache.org/maven2/org/apache/maven/maven-artifact/2.0.6/maven-artifact-2.0.6.jar
2018-09-28 20:08:18,070 [Worker-5] INFO  o.e.m.c.i.e.AbstractTransferListenerAdapter - Downloading https://repo.maven.apache.org/maven2/org/codehaus/plexus/plexus-utils/3.0.5/plexus-utils-3.0.5.jar
2018-09-28 20:08:19,460 [Worker-5] INFO  o.e.m.c.i.e.AbstractTransferListenerAdapter - Downloaded https://repo.maven.apache.org/maven2/org/codehaus/plexus/plexus-utils/3.0.5/plexus-utils-3.0.5.jar
2018-09-28 20:08:19,841 [Worker-5] INFO  o.e.m.c.i.e.AbstractTransferListenerAdapter - Downloading https://repo.maven.apache.org/maven2/org/codehaus/plexus/plexus-digest/1.0/plexus-digest-1.0.jar
2018-09-28 20:08:20,052 [Worker-5] INFO  o.e.m.c.i.e.AbstractTransferListenerAdapter - Downloaded https://repo.maven.apache.org/maven2/org/codehaus/plexus/plexus-digest/1.0/plexus-digest-1.0.jar
2018-09-28 20:08:20,399 [Worker-5] INFO  o.e.m.c.i.embedder.EclipseLogger - Installing D:\myeclipse\plugins\com.genuitec.eclipse.icefaces_13.0.0.me201602031002\data\1.8.0\ICEfaces\icefaces.jar to C:\Users\Administrator\.m2\repository\org\icefaces\icefaces\1.8.0\icefaces-1.8.0.jar
2018-09-28 20:08:20,418 [Worker-5] INFO  o.e.m.c.i.embedder.EclipseLogger - Installing C:\Users\ADMINI~1\AppData\Local\Temp\mvninstall8426622648522259349.pom to C:\Users\Administrator\.m2\repository\org\icefaces\icefaces\1.8.0\icefaces-1.8.0.pom
2018-09-28 20:08:21,325 [Worker-5] INFO  o.e.m.c.i.e.AbstractTransferListenerAdapter - Downloaded https://repo.maven.apache.org/maven2/org/icefaces/icefaces/1.7.2/icefaces-1.7.2.jar
2018-09-28 20:08:21,331 [Worker-5] INFO  o.e.m.c.i.embedder.EclipseLogger - Installing D:\myeclipse\plugins\com.genuitec.eclipse.icefaces_13.0.0.me201602031002\data\1.7.2\ICEfaces\icefaces.jar to C:\Users\Administrator\.m2\repository\org\icefaces\icefaces\1.7.2\icefaces-1.7.2.jar
2018-09-28 20:08:21,346 [Worker-5] INFO  o.e.m.c.i.embedder.EclipseLogger - Installing C:\Users\ADMINI~1\AppData\Local\Temp\mvninstall1817217432685875693.pom to C:\Users\Administrator\.m2\repository\org\icefaces\icefaces\1.7.2\icefaces-1.7.2.pom
2018-09-28 20:08:22,253 [Worker-5] INFO  o.e.m.c.i.e.AbstractTransferListenerAdapter - Downloaded https://repo.maven.apache.org/maven2/org/icefaces/icefaces/1.7.1/icefaces-1.7.1.jar
2018-09-28 20:08:22,258 [Worker-5] INFO  o.e.m.c.i.embedder.EclipseLogger - Installing D:\myeclipse\plugins\com.genuitec.eclipse.icefaces_13.0.0.me201602031002\data\1.7.1\ICEfaces\icefaces.jar to C:\Users\Administrator\.m2\repository\org\icefaces\icefaces\1.7.1\icefaces-1.7.1.jar
2018-09-28 20:08:22,276 [Worker-5] INFO  o.e.m.c.i.embedder.EclipseLogger - Installing C:\Users\ADMINI~1\AppData\Local\Temp\mvninstall4368610313975077006.pom to C:\Users\Administrator\.m2\repository\org\icefaces\icefaces\1.7.1\icefaces-1.7.1.pom
2018-09-28 20:08:23,128 [Worker-5] INFO  o.e.m.c.i.e.AbstractTransferListenerAdapter - Downloaded https://repo.maven.apache.org/maven2/org/icefaces/icefaces/1.7.0/icefaces-1.7.0.jar
2018-09-28 20:08:23,134 [Worker-5] INFO  o.e.m.c.i.embedder.EclipseLogger - Installing D:\myeclipse\plugins\com.genuitec.eclipse.icefaces_13.0.0.me201602031002\data\1.7.0\ICEfaces\icefaces.jar to C:\Users\Administrator\.m2\repository\org\icefaces\icefaces\1.7.0\icefaces-1.7.0.jar
2018-09-28 20:08:23,151 [Worker-5] INFO  o.e.m.c.i.embedder.EclipseLogger - Installing C:\Users\ADMINI~1\AppData\Local\Temp\mvninstall6110003516624695332.pom to C:\Users\Administrator\.m2\repository\org\icefaces\icefaces\1.7.0\icefaces-1.7.0.pom
2018-09-28 20:08:24,074 [Worker-5] INFO  o.e.m.c.i.e.AbstractTransferListenerAdapter - Downloaded https://repo.maven.apache.org/maven2/org/icefaces/icefaces/1.6.2/icefaces-1.6.2.jar
2018-09-28 20:08:24,079 [Worker-5] INFO  o.e.m.c.i.embedder.EclipseLogger - Installing D:\myeclipse\plugins\com.genuitec.eclipse.icefaces_13.0.0.me201602031002\data\1.6.2\ICEfaces\icefaces.jar to C:\Users\Administrator\.m2\repository\org\icefaces\icefaces\1.6.2\icefaces-1.6.2.jar
2018-09-28 20:08:24,096 [Worker-5] INFO  o.e.m.c.i.embedder.EclipseLogger - Installing C:\Users\ADMINI~1\AppData\Local\Temp\mvninstall437587563595579084.pom to C:\Users\Administrator\.m2\repository\org\icefaces\icefaces\1.6.2\icefaces-1.6.2.pom
2018-09-28 20:08:24,988 [Worker-5] INFO  o.e.m.c.i.e.AbstractTransferListenerAdapter - Downloaded https://repo.maven.apache.org/maven2/org/icefaces/icefaces/1.6.1/icefaces-1.6.1.jar
2018-09-28 20:08:24,994 [Worker-5] INFO  o.e.m.c.i.embedder.EclipseLogger - Installing D:\myeclipse\plugins\com.genuitec.eclipse.icefaces_13.0.0.me201602031002\data\1.6.1\ICEfaces\icefaces.jar to C:\Users\Administrator\.m2\repository\org\icefaces\icefaces\1.6.1\icefaces-1.6.1.jar
2018-09-28 20:08:25,012 [Worker-5] INFO  o.e.m.c.i.embedder.EclipseLogger - Installing C:\Users\ADMINI~1\AppData\Local\Temp\mvninstall7683304586726053260.pom to C:\Users\Administrator\.m2\repository\org\icefaces\icefaces\1.6.1\icefaces-1.6.1.pom
2018-09-28 20:08:25,879 [Worker-5] INFO  o.e.m.c.i.e.AbstractTransferListenerAdapter - Downloaded https://repo.maven.apache.org/maven2/org/icepush/icepush/2.0.2/icepush-2.0.2.jar
2018-09-28 20:08:25,884 [Worker-5] INFO  o.e.m.c.i.embedder.EclipseLogger - Installing D:\myeclipse\plugins\com.genuitec.eclipse.icefaces_13.0.0.me201602031002\data\org.icepush\icepush\2.0\icepush.jar to C:\Users\Administrator\.m2\repository\org\icepush\icepush\2.0.2\icepush-2.0.2.jar
2018-09-28 20:08:25,904 [Worker-5] INFO  o.e.m.c.i.embedder.EclipseLogger - Installing C:\Users\ADMINI~1\AppData\Local\Temp\mvninstall3048064841768365290.pom to C:\Users\Administrator\.m2\repository\org\icepush\icepush\2.0.2\icepush-2.0.2.pom
2018-09-28 20:08:26,752 [Worker-5] INFO  o.e.m.c.i.e.AbstractTransferListenerAdapter - Downloaded https://repo.maven.apache.org/maven2/org/icefaces/icefaces-comps/1.8.0/icefaces-comps-1.8.0.jar
2018-09-28 20:08:26,757 [Worker-5] INFO  o.e.m.c.i.embedder.EclipseLogger - Installing D:\myeclipse\plugins\com.genuitec.eclipse.icefaces_13.0.0.me201602031002\data\1.8.0\ICEfaces\icefaces-comps.jar to C:\Users\Administrator\.m2\repository\org\icefaces\icefaces-comps\1.8.0\icefaces-comps-1.8.0.jar
2018-09-28 20:08:26,783 [Worker-5] INFO  o.e.m.c.i.embedder.EclipseLogger - Installing C:\Users\ADMINI~1\AppData\Local\Temp\mvninstall4782614743787302433.pom to C:\Users\Administrator\.m2\repository\org\icefaces\icefaces-comps\1.8.0\icefaces-comps-1.8.0.pom
2018-09-28 20:08:27,670 [Worker-5] INFO  o.e.m.c.i.e.AbstractTransferListenerAdapter - Downloaded https://repo.maven.apache.org/maven2/org/icefaces/icefaces-comps/1.7.2/icefaces-comps-1.7.2.jar
2018-09-28 20:08:27,676 [Worker-5] INFO  o.e.m.c.i.embedder.EclipseLogger - Installing D:\myeclipse\plugins\com.genuitec.eclipse.icefaces_13.0.0.me201602031002\data\1.7.2\ICEfaces\icefaces-comps.jar to C:\Users\Administrator\.m2\repository\org\icefaces\icefaces-comps\1.7.2\icefaces-comps-1.7.2.jar
2018-09-28 20:08:27,692 [Worker-5] INFO  o.e.m.c.i.embedder.EclipseLogger - Installing C:\Users\ADMINI~1\AppData\Local\Temp\mvninstall4723885108308934743.pom to C:\Users\Administrator\.m2\repository\org\icefaces\icefaces-comps\1.7.2\icefaces-comps-1.7.2.pom
2018-09-28 20:08:28,612 [Worker-5] INFO  o.e.m.c.i.e.AbstractTransferListenerAdapter - Downloaded https://repo.maven.apache.org/maven2/org/icefaces/icefaces-comps/1.7.1/icefaces-comps-1.7.1.jar
2018-09-28 20:08:28,617 [Worker-5] INFO  o.e.m.c.i.embedder.EclipseLogger - Installing D:\myeclipse\plugins\com.genuitec.eclipse.icefaces_13.0.0.me201602031002\data\1.7.1\ICEfaces\icefaces-comps.jar to C:\Users\Administrator\.m2\repository\org\icefaces\icefaces-comps\1.7.1\icefaces-comps-1.7.1.jar
2018-09-28 20:08:28,635 [Worker-5] INFO  o.e.m.c.i.embedder.EclipseLogger - Installing C:\Users\ADMINI~1\AppData\Local\Temp\mvninstall3228103069791866792.pom to C:\Users\Administrator\.m2\repository\org\icefaces\icefaces-comps\1.7.1\icefaces-comps-1.7.1.pom
2018-09-28 20:08:29,655 [Worker-5] INFO  o.e.m.c.i.e.AbstractTransferListenerAdapter - Downloaded https://repo.maven.apache.org/maven2/org/icefaces/icefaces-comps/1.7.0/icefaces-comps-1.7.0.jar
2018-09-28 20:08:29,660 [Worker-5] INFO  o.e.m.c.i.embedder.EclipseLogger - Installing D:\myeclipse\plugins\com.genuitec.eclipse.icefaces_13.0.0.me201602031002\data\1.7.0\ICEfaces\icefaces-comps.jar to C:\Users\Administrator\.m2\repository\org\icefaces\icefaces-comps\1.7.0\icefaces-comps-1.7.0.jar
2018-09-28 20:08:29,677 [Worker-5] INFO  o.e.m.c.i.embedder.EclipseLogger - Installing C:\Users\ADMINI~1\AppData\Local\Temp\mvninstall6182899206406576750.pom to C:\Users\Administrator\.m2\repository\org\icefaces\icefaces-comps\1.7.0\icefaces-comps-1.7.0.pom
2018-09-28 20:08:30,903 [Worker-5] INFO  o.e.m.c.i.e.AbstractTransferListenerAdapter - Downloaded https://repo.maven.apache.org/maven2/org/icefaces/icefaces-comps/1.6.2/icefaces-comps-1.6.2.jar
2018-09-28 20:08:30,908 [Worker-5] INFO  o.e.m.c.i.embedder.EclipseLogger - Installing D:\myeclipse\plugins\com.genuitec.eclipse.icefaces_13.0.0.me201602031002\data\1.6.2\ICEfaces\icefaces-comps.jar to C:\Users\Administrator\.m2\repository\org\icefaces\icefaces-comps\1.6.2\icefaces-comps-1.6.2.jar
2018-09-28 20:08:30,925 [Worker-5] INFO  o.e.m.c.i.embedder.EclipseLogger - Installing C:\Users\ADMINI~1\AppData\Local\Temp\mvninstall3922387594441393168.pom to C:\Users\Administrator\.m2\repository\org\icefaces\icefaces-comps\1.6.2\icefaces-comps-1.6.2.pom
2018-09-28 20:08:32,120 [Worker-5] INFO  o.e.m.c.i.e.AbstractTransferListenerAdapter - Downloaded https://repo.maven.apache.org/maven2/org/icefaces/icefaces-comps/1.6.1/icefaces-comps-1.6.1.jar
2018-09-28 20:08:32,127 [Worker-5] INFO  o.e.m.c.i.embedder.EclipseLogger - Installing D:\myeclipse\plugins\com.genuitec.eclipse.icefaces_13.0.0.me201602031002\data\1.6.1\ICEfaces\icefaces-comps.jar to C:\Users\Administrator\.m2\repository\org\icefaces\icefaces-comps\1.6.1\icefaces-comps-1.6.1.jar
2018-09-28 20:08:32,143 [Worker-5] INFO  o.e.m.c.i.embedder.EclipseLogger - Installing C:\Users\ADMINI~1\AppData\Local\Temp\mvninstall7460872039532275342.pom to C:\Users\Administrator\.m2\repository\org\icefaces\icefaces-comps\1.6.1\icefaces-comps-1.6.1.pom
2018-09-28 20:08:33,031 [Worker-5] INFO  o.e.m.c.i.e.AbstractTransferListenerAdapter - Downloaded https://repo.maven.apache.org/maven2/org/icefaces/icefaces-facelets/1.8.0/icefaces-facelets-1.8.0.jar
2018-09-28 20:08:33,036 [Worker-5] INFO  o.e.m.c.i.embedder.EclipseLogger - Installing D:\myeclipse\plugins\com.genuitec.eclipse.icefaces_13.0.0.me201602031002\data\1.8.0\ICEfaces-Facelets\icefaces-facelets.jar to C:\Users\Administrator\.m2\repository\org\icefaces\icefaces-facelets\1.8.0\icefaces-facelets-1.8.0.jar
2018-09-28 20:08:33,056 [Worker-5] INFO  o.e.m.c.i.embedder.EclipseLogger - Installing C:\Users\ADMINI~1\AppData\Local\Temp\mvninstall8536098797701646260.pom to C:\Users\Administrator\.m2\repository\org\icefaces\icefaces-facelets\1.8.0\icefaces-facelets-1.8.0.pom
2018-09-28 20:08:33,937 [Worker-5] INFO  o.e.m.c.i.e.AbstractTransferListenerAdapter - Downloaded https://repo.maven.apache.org/maven2/org/icefaces/icefaces-facelets/1.7.2/icefaces-facelets-1.7.2.jar
2018-09-28 20:08:33,942 [Worker-5] INFO  o.e.m.c.i.embedder.EclipseLogger - Installing D:\myeclipse\plugins\com.genuitec.eclipse.icefaces_13.0.0.me201602031002\data\1.7.2\ICEfaces-Facelets\icefaces-facelets.jar to C:\Users\Administrator\.m2\repository\org\icefaces\icefaces-facelets\1.7.2\icefaces-facelets-1.7.2.jar
2018-09-28 20:08:33,959 [Worker-5] INFO  o.e.m.c.i.embedder.EclipseLogger - Installing C:\Users\ADMINI~1\AppData\Local\Temp\mvninstall2390440974727798537.pom to C:\Users\Administrator\.m2\repository\org\icefaces\icefaces-facelets\1.7.2\icefaces-facelets-1.7.2.pom
2018-09-28 20:08:34,827 [Worker-5] INFO  o.e.m.c.i.e.AbstractTransferListenerAdapter - Downloaded https://repo.maven.apache.org/maven2/org/icefaces/icefaces-facelets/1.7.1/icefaces-facelets-1.7.1.jar
2018-09-28 20:08:34,833 [Worker-5] INFO  o.e.m.c.i.embedder.EclipseLogger - Installing D:\myeclipse\plugins\com.genuitec.eclipse.icefaces_13.0.0.me201602031002\data\1.7.0\ICEfaces-Facelets\icefaces-facelets.jar to C:\Users\Administrator\.m2\repository\org\icefaces\icefaces-facelets\1.7.1\icefaces-facelets-1.7.1.jar
2018-09-28 20:08:34,854 [Worker-5] INFO  o.e.m.c.i.embedder.EclipseLogger - Installing C:\Users\ADMINI~1\AppData\Local\Temp\mvninstall1811847703253640016.pom to C:\Users\Administrator\.m2\repository\org\icefaces\icefaces-facelets\1.7.1\icefaces-facelets-1.7.1.pom
2018-09-28 20:08:35,742 [Worker-5] INFO  o.e.m.c.i.e.AbstractTransferListenerAdapter - Downloaded https://repo.maven.apache.org/maven2/org/icefaces/icefaces-facelets/1.7.0/icefaces-facelets-1.7.0.jar
2018-09-28 20:08:35,747 [Worker-5] INFO  o.e.m.c.i.embedder.EclipseLogger - Installing D:\myeclipse\plugins\com.genuitec.eclipse.icefaces_13.0.0.me201602031002\data\1.7.0\ICEfaces-Facelets\icefaces-facelets.jar to C:\Users\Administrator\.m2\repository\org\icefaces\icefaces-facelets\1.7.0\icefaces-facelets-1.7.0.jar
2018-09-28 20:08:35,773 [Worker-5] INFO  o.e.m.c.i.embedder.EclipseLogger - Installing C:\Users\ADMINI~1\AppData\Local\Temp\mvninstall208988754578088017.pom to C:\Users\Administrator\.m2\repository\org\icefaces\icefaces-facelets\1.7.0\icefaces-facelets-1.7.0.pom
2018-09-28 20:08:36,744 [Worker-5] INFO  o.e.m.c.i.e.AbstractTransferListenerAdapter - Downloaded https://repo.maven.apache.org/maven2/org/icefaces/icefaces-facelets/1.6.2/icefaces-facelets-1.6.2.jar
2018-09-28 20:08:36,749 [Worker-5] INFO  o.e.m.c.i.embedder.EclipseLogger - Installing D:\myeclipse\plugins\com.genuitec.eclipse.icefaces_13.0.0.me201602031002\data\1.6.2\ICEfaces-Facelets\icefaces-facelets.jar to C:\Users\Administrator\.m2\repository\org\icefaces\icefaces-facelets\1.6.2\icefaces-facelets-1.6.2.jar
2018-09-28 20:08:36,767 [Worker-5] INFO  o.e.m.c.i.embedder.EclipseLogger - Installing C:\Users\ADMINI~1\AppData\Local\Temp\mvninstall94772813972303045.pom to C:\Users\Administrator\.m2\repository\org\icefaces\icefaces-facelets\1.6.2\icefaces-facelets-1.6.2.pom
2018-09-28 20:08:37,605 [Worker-5] INFO  o.e.m.c.i.e.AbstractTransferListenerAdapter - Downloaded https://repo.maven.apache.org/maven2/org/icefaces/icefaces-facelets/1.6.1/icefaces-facelets-1.6.1.jar
2018-09-28 20:08:37,610 [Worker-5] INFO  o.e.m.c.i.embedder.EclipseLogger - Installing D:\myeclipse\plugins\com.genuitec.eclipse.icefaces_13.0.0.me201602031002\data\1.6.1\ICEfaces-Facelets\icefaces-facelets.jar to C:\Users\Administrator\.m2\repository\org\icefaces\icefaces-facelets\1.6.1\icefaces-facelets-1.6.1.jar
2018-09-28 20:08:37,629 [Worker-5] INFO  o.e.m.c.i.embedder.EclipseLogger - Installing C:\Users\ADMINI~1\AppData\Local\Temp\mvninstall204070229910354609.pom to C:\Users\Administrator\.m2\repository\org\icefaces\icefaces-facelets\1.6.1\icefaces-facelets-1.6.1.pom
2018-09-28 20:08:38,510 [Worker-5] INFO  o.e.m.c.i.e.AbstractTransferListenerAdapter - Downloaded https://repo.maven.apache.org/maven2/net/sourceforge/jexcelapi/jxl/2.6.8/jxl-2.6.8.jar
2018-09-28 20:08:38,515 [Worker-5] INFO  o.e.m.c.i.embedder.EclipseLogger - Installing D:\myeclipse\plugins\com.genuitec.eclipse.icefaces_13.0.0.me201602031002\data\net.sourceforge.jexcelapi\jxl\2.6.8\jxl.jar to C:\Users\Administrator\.m2\repository\net\sourceforge\jexcelapi\jxl\2.6.8\jxl-2.6.8.jar
2018-09-28 20:08:38,546 [Worker-5] INFO  o.e.m.c.i.embedder.EclipseLogger - Installing C:\Users\ADMINI~1\AppData\Local\Temp\mvninstall8992147691813962665.pom to C:\Users\Administrator\.m2\repository\net\sourceforge\jexcelapi\jxl\2.6.8\jxl-2.6.8.pom
2018-09-28 20:08:39,412 [Worker-5] INFO  o.e.m.c.i.e.AbstractTransferListenerAdapter - Downloaded https://repo.maven.apache.org/maven2/org/icefaces/icefaces-mobi/1.3.0/icefaces-mobi-1.3.0.jar
2018-09-28 20:08:39,417 [Worker-5] INFO  o.e.m.c.i.embedder.EclipseLogger - Installing D:\myeclipse\plugins\com.genuitec.eclipse.icefaces_13.0.0.me201602031002\data\org.icefaces\icefaces-mobi\1.3\icefaces-mobi.jar to C:\Users\Administrator\.m2\repository\org\icefaces\icefaces-mobi\1.3.0\icefaces-mobi-1.3.0.jar
2018-09-28 20:08:39,438 [Worker-5] INFO  o.e.m.c.i.embedder.EclipseLogger - Installing C:\Users\ADMINI~1\AppData\Local\Temp\mvninstall3413054803531665276.pom to C:\Users\Administrator\.m2\repository\org\icefaces\icefaces-mobi\1.3.0\icefaces-mobi-1.3.0.pom
2018-09-28 20:08:40,331 [Worker-5] INFO  o.e.m.c.i.e.AbstractTransferListenerAdapter - Downloaded https://repo.maven.apache.org/maven2/org/icepush/icepush/3.0.0/icepush-3.0.0.jar
2018-09-28 20:08:40,337 [Worker-5] INFO  o.e.m.c.i.embedder.EclipseLogger - Installing D:\myeclipse\plugins\com.genuitec.eclipse.icefaces_13.0.0.me201602031002\data\org.icepush\icepush\3.0\icepush.jar to C:\Users\Administrator\.m2\repository\org\icepush\icepush\3.0.0\icepush-3.0.0.jar
2018-09-28 20:08:40,361 [Worker-5] INFO  o.e.m.c.i.embedder.EclipseLogger - Installing C:\Users\ADMINI~1\AppData\Local\Temp\mvninstall2479331278854627948.pom to C:\Users\Administrator\.m2\repository\org\icepush\icepush\3.0.0\icepush-3.0.0.pom
2018-09-28 20:08:41,256 [Worker-5] INFO  o.e.m.c.i.e.AbstractTransferListenerAdapter - Downloaded https://repo.maven.apache.org/maven2/javax/activation/activation/1.0.2/activation-1.0.2.jar
2018-09-28 20:08:41,261 [Worker-5] INFO  o.e.m.c.i.embedder.EclipseLogger - Installing D:\myeclipse\plugins\com.genuitec.eclipse.j2eedt.core_13.0.0.me201712190632\data\libraryset\1.4\activation.jar to C:\Users\Administrator\.m2\repository\javax\activation\activation\1.0.2\activation-1.0.2.jar
2018-09-28 20:08:41,294 [Worker-5] INFO  o.e.m.c.i.embedder.EclipseLogger - Installing C:\Users\ADMINI~1\AppData\Local\Temp\mvninstall6428694504062105003.pom to C:\Users\Administrator\.m2\repository\javax\activation\activation\1.0.2\activation-1.0.2.pom
2018-09-28 20:08:42,182 [Worker-5] INFO  o.e.m.c.i.e.AbstractTransferListenerAdapter - Downloaded https://repo.maven.apache.org/maven2/javax/mail/mail/1.3.1/mail-1.3.1.jar
2018-09-28 20:08:42,187 [Worker-5] INFO  o.e.m.c.i.embedder.EclipseLogger - Installing D:\myeclipse\plugins\com.genuitec.eclipse.j2eedt.core_13.0.0.me201712190632\data\libraryset\1.4\mail.jar to C:\Users\Administrator\.m2\repository\javax\mail\mail\1.3.1\mail-1.3.1.jar
2018-09-28 20:08:42,212 [Worker-5] INFO  o.e.m.c.i.embedder.EclipseLogger - Installing C:\Users\ADMINI~1\AppData\Local\Temp\mvninstall2637109123100438908.pom to C:\Users\Administrator\.m2\repository\javax\mail\mail\1.3.1\mail-1.3.1.pom
2018-09-28 20:08:43,062 [Worker-5] INFO  o.e.m.c.i.e.AbstractTransferListenerAdapter - Downloaded https://repo.maven.apache.org/maven2/javax/xml/namespace/1.0.1/namespace-1.0.1.jar
2018-09-28 20:08:43,069 [Worker-5] INFO  o.e.m.c.i.embedder.EclipseLogger - Installing D:\myeclipse\plugins\com.genuitec.eclipse.j2eedt.core_13.0.0.me201712190632\data\libraryset\1.4\namespace.jar to C:\Users\Administrator\.m2\repository\javax\xml\namespace\1.0.1\namespace-1.0.1.jar
2018-09-28 20:08:43,085 [Worker-5] INFO  o.e.m.c.i.embedder.EclipseLogger - Installing C:\Users\ADMINI~1\AppData\Local\Temp\mvninstall7125442254032623259.pom to C:\Users\Administrator\.m2\repository\javax\xml\namespace\1.0.1\namespace-1.0.1.pom
2018-09-28 20:08:44,031 [Worker-5] INFO  o.e.m.c.i.e.AbstractTransferListenerAdapter - Downloaded https://repo.maven.apache.org/maven2/javax/sql/jdbc-stdext/2.0/jdbc-stdext-2.0.jar
2018-09-28 20:08:44,041 [Worker-5] INFO  o.e.m.c.i.embedder.EclipseLogger - Installing D:\myeclipse\plugins\com.genuitec.eclipse.j2eedt.core_13.0.0.me201712190632\data\libraryset\JSTL1.0\lib\jdbc2_0-stdext.jar to C:\Users\Administrator\.m2\repository\javax\sql\jdbc-stdext\2.0\jdbc-stdext-2.0.jar
2018-09-28 20:08:44,056 [Worker-5] INFO  o.e.m.c.i.embedder.EclipseLogger - Installing C:\Users\ADMINI~1\AppData\Local\Temp\mvninstall340696896107302419.pom to C:\Users\Administrator\.m2\repository\javax\sql\jdbc-stdext\2.0\jdbc-stdext-2.0.pom
2018-09-28 20:08:44,953 [Worker-5] INFO  o.e.m.c.i.e.AbstractTransferListenerAdapter - Downloaded https://repo.maven.apache.org/maven2/javax/jts/jts/1.0/jts-1.0.jar
2018-09-28 20:08:44,961 [Worker-5] INFO  o.e.m.c.i.embedder.EclipseLogger - Installing D:\myeclipse\plugins\com.genuitec.eclipse.j2eedt.core_13.0.0.me201712190632\data\libraryset\1.3\jts.jar to C:\Users\Administrator\.m2\repository\javax\jts\jts\1.0\jts-1.0.jar
2018-09-28 20:08:44,980 [Worker-5] INFO  o.e.m.c.i.embedder.EclipseLogger - Installing C:\Users\ADMINI~1\AppData\Local\Temp\mvninstall5497262307882372929.pom to C:\Users\Administrator\.m2\repository\javax\jts\jts\1.0\jts-1.0.pom
2018-09-28 20:08:45,830 [Worker-5] INFO  o.e.m.c.i.e.AbstractTransferListenerAdapter - Downloaded https://repo.maven.apache.org/maven2/org/jboss/cache/jbosscache-core/3.1.0/jbosscache-core-3.1.0.jar
2018-09-28 20:08:45,836 [Worker-5] INFO  o.e.m.c.i.embedder.EclipseLogger - Installing D:\myeclipse\configuration\org.eclipse.osgi\65\0\.cp\myeclipse-data\3.3\lib\extra\jbosscache2\jbosscache-core-3.1.0.GA.jar to C:\Users\Administrator\.m2\repository\org\jboss\cache\jbosscache-core\3.1.0\jbosscache-core-3.1.0.jar
2018-09-28 20:08:45,858 [Worker-5] INFO  o.e.m.c.i.embedder.EclipseLogger - Installing C:\Users\ADMINI~1\AppData\Local\Temp\mvninstall6969384766409628162.pom to C:\Users\Administrator\.m2\repository\org\jboss\cache\jbosscache-core\3.1.0\jbosscache-core-3.1.0.pom
2018-09-28 20:08:46,784 [Worker-5] INFO  o.e.m.c.i.e.AbstractTransferListenerAdapter - Downloaded https://repo.maven.apache.org/maven2/javax/resource/connector/1.0/connector-1.0.jar
2018-09-28 20:08:46,793 [Worker-5] INFO  o.e.m.c.i.embedder.EclipseLogger - Installing D:\myeclipse\configuration\org.eclipse.osgi\65\0\.cp\myeclipse-data\2.1\lib\extra\connector.jar to C:\Users\Administrator\.m2\repository\javax\resource\connector\1.0\connector-1.0.jar
2018-09-28 20:08:46,811 [Worker-5] INFO  o.e.m.c.i.embedder.EclipseLogger - Installing C:\Users\ADMINI~1\AppData\Local\Temp\mvninstall7638798932744632500.pom to C:\Users\Administrator\.m2\repository\javax\resource\connector\1.0\connector-1.0.pom
2018-09-28 20:08:47,696 [Worker-5] INFO  o.e.m.c.i.e.AbstractTransferListenerAdapter - Downloaded https://repo.maven.apache.org/maven2/javax/security/jacc/1.0/jacc-1.0.jar
2018-09-28 20:08:47,703 [Worker-5] INFO  o.e.m.c.i.embedder.EclipseLogger - Installing D:\myeclipse\configuration\org.eclipse.osgi\65\0\.cp\myeclipse-data\3.0\lib\extra\jacc-1_0-fr.jar to C:\Users\Administrator\.m2\repository\javax\security\jacc\1.0\jacc-1.0.jar
2018-09-28 20:08:47,720 [Worker-5] INFO  o.e.m.c.i.embedder.EclipseLogger - Installing C:\Users\ADMINI~1\AppData\Local\Temp\mvninstall6058297190840405468.pom to C:\Users\Administrator\.m2\repository\javax\security\jacc\1.0\jacc-1.0.pom
2018-09-28 20:08:48,637 [Worker-5] INFO  o.e.m.c.i.e.AbstractTransferListenerAdapter - Downloaded https://repo.maven.apache.org/maven2/javax/security/jaas/1.0.01/jaas-1.0.01.jar
2018-09-28 20:08:48,644 [Worker-5] INFO  o.e.m.c.i.embedder.EclipseLogger - Installing D:\myeclipse\configuration\org.eclipse.osgi\65\0\.cp\myeclipse-data\3.0\lib\core\jaas.jar to C:\Users\Administrator\.m2\repository\javax\security\jaas\1.0.01\jaas-1.0.01.jar
2018-09-28 20:08:48,660 [Worker-5] INFO  o.e.m.c.i.embedder.EclipseLogger - Installing C:\Users\ADMINI~1\AppData\Local\Temp\mvninstall8880280302564569155.pom to C:\Users\Administrator\.m2\repository\javax\security\jaas\1.0.01\jaas-1.0.01.pom
2018-09-28 20:08:49,534 [Worker-5] INFO  o.e.m.c.i.e.AbstractTransferListenerAdapter - Downloaded https://repo.maven.apache.org/maven2/javax/transaction/jta/1.0.1B/jta-1.0.1B.jar
2018-09-28 20:08:49,541 [Worker-5] INFO  o.e.m.c.i.embedder.EclipseLogger - Installing D:\myeclipse\configuration\org.eclipse.osgi\65\0\.cp\myeclipse-data\2.1\lib\core\jta.jar to C:\Users\Administrator\.m2\repository\javax\transaction\jta\1.0.1B\jta-1.0.1B.jar
2018-09-28 20:08:49,561 [Worker-5] INFO  o.e.m.c.i.embedder.EclipseLogger - Installing C:\Users\ADMINI~1\AppData\Local\Temp\mvninstall3888624269454320983.pom to C:\Users\Administrator\.m2\repository\javax\transaction\jta\1.0.1B\jta-1.0.1B.pom
2018-09-28 20:08:50,410 [Worker-5] INFO  o.e.m.c.i.e.AbstractTransferListenerAdapter - Downloaded https://repo.maven.apache.org/maven2/javassist/javassist/3.9.0/javassist-3.9.0.jar
2018-09-28 20:08:50,416 [Worker-5] INFO  o.e.m.c.i.embedder.EclipseLogger - Installing D:\myeclipse\configuration\org.eclipse.osgi\65\0\.cp\myeclipse-data\3.3\lib\core\bytecode\javassist\javassist-3.9.0.GA.jar to C:\Users\Administrator\.m2\repository\javassist\javassist\3.9.0\javassist-3.9.0.jar
2018-09-28 20:08:50,457 [Worker-5] INFO  o.e.m.c.i.embedder.EclipseLogger - Installing C:\Users\ADMINI~1\AppData\Local\Temp\mvninstall7680525203396193885.pom to C:\Users\Administrator\.m2\repository\javassist\javassist\3.9.0\javassist-3.9.0.pom
2018-09-28 20:08:51,700 [Worker-5] INFO  o.e.m.c.i.e.AbstractTransferListenerAdapter - Downloaded https://repo.maven.apache.org/maven2/org/hibernate/hibernate/3.3.2/hibernate-3.3.2.jar
2018-09-28 20:08:51,707 [Worker-5] INFO  o.e.m.c.i.embedder.EclipseLogger - Installing D:\myeclipse\configuration\org.eclipse.osgi\65\0\.cp\myeclipse-data\3.3\lib\core\hibernate3.jar to C:\Users\Administrator\.m2\repository\org\hibernate\hibernate\3.3.2\hibernate-3.3.2.jar
2018-09-28 20:08:51,727 [Worker-5] INFO  o.e.m.c.i.embedder.EclipseLogger - Installing C:\Users\ADMINI~1\AppData\Local\Temp\mvninstall7754375876229598609.pom to C:\Users\Administrator\.m2\repository\org\hibernate\hibernate\3.3.2\hibernate-3.3.2.pom
2018-09-28 20:08:52,704 [Worker-5] INFO  o.e.m.c.i.e.AbstractTransferListenerAdapter - Downloaded https://repo.maven.apache.org/maven2/org/eclipse/persistence/javax.persistence/2.0.1/javax.persistence-2.0.1.jar
2018-09-28 20:08:52,712 [Worker-5] INFO  o.e.m.c.i.embedder.EclipseLogger - Installing D:\myeclipse\configuration\org.eclipse.osgi\68\0\.cp\data\eclipselink\2.1\javax.persistence_2.0.1.v201006031150.jar to C:\Users\Administrator\.m2\repository\org\eclipse\persistence\javax.persistence\2.0.1\javax.persistence-2.0.1.jar
2018-09-28 20:08:52,733 [Worker-5] INFO  o.e.m.c.i.embedder.EclipseLogger - Installing C:\Users\ADMINI~1\AppData\Local\Temp\mvninstall7034854038397676464.pom to C:\Users\Administrator\.m2\repository\org\eclipse\persistence\javax.persistence\2.0.1\javax.persistence-2.0.1.pom
2018-09-28 20:08:53,945 [Worker-5] INFO  o.e.m.c.i.e.AbstractTransferListenerAdapter - Downloaded https://repo.maven.apache.org/maven2/org/eclipse/persistence/eclipselink/2.1/eclipselink-2.1.jar
2018-09-28 20:08:53,953 [Worker-5] INFO  o.e.m.c.i.embedder.EclipseLogger - Installing D:\myeclipse\configuration\org.eclipse.osgi\68\0\.cp\data\eclipselink\2.1\eclipselink.jar to C:\Users\Administrator\.m2\repository\org\eclipse\persistence\eclipselink\2.1\eclipselink-2.1.jar
2018-09-28 20:08:53,986 [Worker-5] INFO  o.e.m.c.i.embedder.EclipseLogger - Installing C:\Users\ADMINI~1\AppData\Local\Temp\mvninstall4526683195388018339.pom to C:\Users\Administrator\.m2\repository\org\eclipse\persistence\eclipselink\2.1\eclipselink-2.1.pom
2018-09-28 20:08:54,858 [Worker-5] INFO  o.e.m.c.i.e.AbstractTransferListenerAdapter - Downloaded https://repo.maven.apache.org/maven2/org/eclipse/persistence/eclipselink-jpa-modelgen/2.1/eclipselink-jpa-modelgen-2.1.jar
2018-09-28 20:08:54,863 [Worker-5] INFO  o.e.m.c.i.embedder.EclipseLogger - Installing D:\myeclipse\configuration\org.eclipse.osgi\68\0\.cp\data\eclipselink\2.1\eclipselink-jpa-modelgen_2.1.1.v20100817-r8050.jar to C:\Users\Administrator\.m2\repository\org\eclipse\persistence\eclipselink-jpa-modelgen\2.1\eclipselink-jpa-modelgen-2.1.jar
2018-09-28 20:08:54,880 [Worker-5] INFO  o.e.m.c.i.embedder.EclipseLogger - Installing C:\Users\ADMINI~1\AppData\Local\Temp\mvninstall2807380350468758721.pom to C:\Users\Administrator\.m2\repository\org\eclipse\persistence\eclipselink-jpa-modelgen\2.1\eclipselink-jpa-modelgen-2.1.pom
2018-09-28 20:08:55,769 [Worker-5] INFO  o.e.m.c.i.e.AbstractTransferListenerAdapter - Downloaded https://repo.maven.apache.org/maven2/org/eclipse/persistence/eclipselink-jpa-modelgen/2.5.1/eclipselink-jpa-modelgen-2.5.1.jar
2018-09-28 20:08:55,775 [Worker-5] INFO  o.e.m.c.i.embedder.EclipseLogger - Installing D:\myeclipse\configuration\org.eclipse.osgi\68\0\.cp\data\eclipselink\2.5\org.eclipse.persistence.jpa.modelgen_2.5.1.v20130918-f2b9fc5.jar to C:\Users\Administrator\.m2\repository\org\eclipse\persistence\eclipselink-jpa-modelgen\2.5.1\eclipselink-jpa-modelgen-2.5.1.jar
2018-09-28 20:08:55,790 [Worker-5] INFO  o.e.m.c.i.embedder.EclipseLogger - Installing C:\Users\ADMINI~1\AppData\Local\Temp\mvninstall9120247344554020254.pom to C:\Users\Administrator\.m2\repository\org\eclipse\persistence\eclipselink-jpa-modelgen\2.5.1\eclipselink-jpa-modelgen-2.5.1.pom
2018-09-28 20:08:56,716 [Worker-5] INFO  o.e.m.c.i.e.AbstractTransferListenerAdapter - Downloaded https://repo.maven.apache.org/maven2/el-api/el-api/1.0/el-api-1.0.jar
2018-09-28 20:08:56,722 [Worker-5] INFO  o.e.m.c.i.embedder.EclipseLogger - Installing D:\myeclipse\plugins\com.genuitec.eclipse.lib.jsf_1.0.0.me201710030246\data\facelets\lib\el-api.jar to C:\Users\Administrator\.m2\repository\el-api\el-api\1.0\el-api-1.0.jar
2018-09-28 20:08:56,755 [Worker-5] INFO  o.e.m.c.i.embedder.EclipseLogger - Installing C:\Users\ADMINI~1\AppData\Local\Temp\mvninstall3749885414127977018.pom to C:\Users\Administrator\.m2\repository\el-api\el-api\1.0\el-api-1.0.pom
2018-09-28 20:08:57,695 [Worker-5] INFO  o.e.m.c.i.e.AbstractTransferListenerAdapter - Downloaded https://repo.maven.apache.org/maven2/el-ri/el-ri/1.0/el-ri-1.0.jar
2018-09-28 20:08:57,703 [Worker-5] INFO  o.e.m.c.i.embedder.EclipseLogger - Installing D:\myeclipse\plugins\com.genuitec.eclipse.lib.jsf_1.0.0.me201710030246\data\facelets\lib\el-ri.jar to C:\Users\Administrator\.m2\repository\el-ri\el-ri\1.0\el-ri-1.0.jar
2018-09-28 20:08:57,738 [Worker-5] INFO  o.e.m.c.i.embedder.EclipseLogger - Installing C:\Users\ADMINI~1\AppData\Local\Temp\mvninstall6697512400298301713.pom to C:\Users\Administrator\.m2\repository\el-ri\el-ri\1.0\el-ri-1.0.pom
2018-09-28 20:08:58,586 [Worker-5] INFO  o.e.m.c.i.e.AbstractTransferListenerAdapter - Downloaded https://repo.maven.apache.org/maven2/javax/faces/jsf-api/2.0.3/jsf-api-2.0.3.jar
2018-09-28 20:08:58,592 [Worker-5] INFO  o.e.m.c.i.embedder.EclipseLogger - Installing D:\myeclipse\plugins\com.genuitec.eclipse.lib.jsf_1.0.0.me201710030246\data\2.0\Mojarra\jsf-api.jar to C:\Users\Administrator\.m2\repository\javax\faces\jsf-api\2.0.3\jsf-api-2.0.3.jar
2018-09-28 20:08:58,610 [Worker-5] INFO  o.e.m.c.i.embedder.EclipseLogger - Installing C:\Users\ADMINI~1\AppData\Local\Temp\mvninstall1658152585275229364.pom to C:\Users\Administrator\.m2\repository\javax\faces\jsf-api\2.0.3\jsf-api-2.0.3.pom
2018-09-28 20:08:59,472 [Worker-5] INFO  o.e.m.c.i.e.AbstractTransferListenerAdapter - Downloaded https://repo.maven.apache.org/maven2/javax/faces/jsf-impl/2.0.3/jsf-impl-2.0.3.jar
2018-09-28 20:08:59,477 [Worker-5] INFO  o.e.m.c.i.embedder.EclipseLogger - Installing D:\myeclipse\plugins\com.genuitec.eclipse.lib.jsf_1.0.0.me201710030246\data\2.0\Mojarra\jsf-impl.jar to C:\Users\Administrator\.m2\repository\javax\faces\jsf-impl\2.0.3\jsf-impl-2.0.3.jar
2018-09-28 20:08:59,495 [Worker-5] INFO  o.e.m.c.i.embedder.EclipseLogger - Installing C:\Users\ADMINI~1\AppData\Local\Temp\mvninstall572948599836902496.pom to C:\Users\Administrator\.m2\repository\javax\faces\jsf-impl\2.0.3\jsf-impl-2.0.3.pom
2018-09-28 20:09:00,466 [Worker-5] INFO  o.e.m.c.i.e.AbstractTransferListenerAdapter - Downloaded https://repo.maven.apache.org/maven2/jexcelapi/jxl/2.6.9/jxl-2.6.9.jar
2018-09-28 20:09:00,471 [Worker-5] INFO  o.e.m.c.i.embedder.EclipseLogger - Installing D:\myeclipse\configuration\org.eclipse.osgi\70\0\.cp\data\2.5\lib\jexcelapi\jxl.jar to C:\Users\Administrator\.m2\repository\jexcelapi\jxl\2.6.9\jxl-2.6.9.jar
2018-09-28 20:09:00,503 [Worker-5] INFO  o.e.m.c.i.embedder.EclipseLogger - Installing C:\Users\ADMINI~1\AppData\Local\Temp\mvninstall9128079098973835815.pom to C:\Users\Administrator\.m2\repository\jexcelapi\jxl\2.6.9\jxl-2.6.9.pom
2018-09-28 20:09:01,384 [Worker-5] INFO  o.e.m.c.i.e.AbstractTransferListenerAdapter - Downloaded https://repo.maven.apache.org/maven2/com/jamonapi/jamon/2.7/jamon-2.7.jar
2018-09-28 20:09:01,391 [Worker-5] INFO  o.e.m.c.i.embedder.EclipseLogger - Installing D:\myeclipse\configuration\org.eclipse.osgi\70\0\.cp\data\2.5\lib\jamon\jamon-2.7.jar to C:\Users\Administrator\.m2\repository\com\jamonapi\jamon\2.7\jamon-2.7.jar
2018-09-28 20:09:01,426 [Worker-5] INFO  o.e.m.c.i.embedder.EclipseLogger - Installing C:\Users\ADMINI~1\AppData\Local\Temp\mvninstall5962638466628862283.pom to C:\Users\Administrator\.m2\repository\com\jamonapi\jamon\2.7\jamon-2.7.pom
2018-09-28 20:09:02,333 [Worker-5] INFO  o.e.m.c.i.e.AbstractTransferListenerAdapter - Downloaded https://repo.maven.apache.org/maven2/org/ow2/easybeans/quartz/1.6.1/quartz-1.6.1.jar
2018-09-28 20:09:02,341 [Worker-5] INFO  o.e.m.c.i.embedder.EclipseLogger - Installing D:\myeclipse\configuration\org.eclipse.osgi\70\0\.cp\data\2.5\lib\quartz\quartz-all-1.6.1.jar to C:\Users\Administrator\.m2\repository\org\ow2\easybeans\quartz\1.6.1\quartz-1.6.1.jar
2018-09-28 20:09:02,360 [Worker-5] INFO  o.e.m.c.i.embedder.EclipseLogger - Installing C:\Users\ADMINI~1\AppData\Local\Temp\mvninstall4488619141799924709.pom to C:\Users\Administrator\.m2\repository\org\ow2\easybeans\quartz\1.6.1\quartz-1.6.1.pom
2018-09-28 20:09:03,271 [Worker-5] INFO  o.e.m.c.i.e.AbstractTransferListenerAdapter - Downloaded https://repo.maven.apache.org/maven2/org/springframework/javaconfig/spring-javaconfig/1.0.0.m4/spring-javaconfig-1.0.0.m4.jar
2018-09-28 20:09:03,275 [Worker-5] INFO  o.e.m.c.i.embedder.EclipseLogger - Installing D:\myeclipse\configuration\org.eclipse.osgi\70\0\.cp\data\javaconfig\org.springframework.config.java-1.0.0.M4.jar to C:\Users\Administrator\.m2\repository\org\springframework\javaconfig\spring-javaconfig\1.0.0.m4\spring-javaconfig-1.0.0.m4.jar
2018-09-28 20:09:03,297 [Worker-5] INFO  o.e.m.c.i.embedder.EclipseLogger - Installing C:\Users\ADMINI~1\AppData\Local\Temp\mvninstall5722515746933889265.pom to C:\Users\Administrator\.m2\repository\org\springframework\javaconfig\spring-javaconfig\1.0.0.m4\spring-javaconfig-1.0.0.m4.pom
2018-09-28 20:09:04,175 [Worker-5] INFO  o.e.m.c.i.e.AbstractTransferListenerAdapter - Downloaded https://repo.maven.apache.org/maven2/com/sun/jmx/jmxri/1.2.1/jmxri-1.2.1.jar
2018-09-28 20:09:04,181 [Worker-5] INFO  o.e.m.c.i.embedder.EclipseLogger - Installing D:\myeclipse\configuration\org.eclipse.osgi\70\0\.cp\data\1.2\lib\dependencies\jmx\jmxri.jar to C:\Users\Administrator\.m2\repository\com\sun\jmx\jmxri\1.2.1\jmxri-1.2.1.jar
2018-09-28 20:09:04,202 [Worker-5] INFO  o.e.m.c.i.embedder.EclipseLogger - Installing C:\Users\ADMINI~1\AppData\Local\Temp\mvninstall2974526705150551262.pom to C:\Users\Administrator\.m2\repository\com\sun\jmx\jmxri\1.2.1\jmxri-1.2.1.pom
2018-09-28 20:09:05,049 [Worker-5] INFO  o.e.m.c.i.e.AbstractTransferListenerAdapter - Downloaded https://repo.maven.apache.org/maven2/javax/management/jmxremote/1.0.1_04/jmxremote-1.0.1_04.jar
2018-09-28 20:09:05,055 [Worker-5] INFO  o.e.m.c.i.embedder.EclipseLogger - Installing D:\myeclipse\configuration\org.eclipse.osgi\70\0\.cp\data\1.2\lib\dependencies\jmx\jmxremote.jar to C:\Users\Administrator\.m2\repository\javax\management\jmxremote\1.0.1_04\jmxremote-1.0.1_04.jar
2018-09-28 20:09:05,072 [Worker-5] INFO  o.e.m.c.i.embedder.EclipseLogger - Installing C:\Users\ADMINI~1\AppData\Local\Temp\mvninstall1730829584453748664.pom to C:\Users\Administrator\.m2\repository\javax\management\jmxremote\1.0.1_04\jmxremote-1.0.1_04.pom
2018-09-28 20:09:05,996 [Worker-5] INFO  o.e.m.c.i.e.AbstractTransferListenerAdapter - Downloaded https://repo.maven.apache.org/maven2/javax/management/jmxremote_optional/1.0.1_04/jmxremote_optional-1.0.1_04.jar
2018-09-28 20:09:06,001 [Worker-5] INFO  o.e.m.c.i.embedder.EclipseLogger - Installing D:\myeclipse\configuration\org.eclipse.osgi\70\0\.cp\data\1.2\lib\dependencies\jmx\jmxremote_optional.jar to C:\Users\Administrator\.m2\repository\javax\management\jmxremote_optional\1.0.1_04\jmxremote_optional-1.0.1_04.jar
2018-09-28 20:09:06,016 [Worker-5] INFO  o.e.m.c.i.embedder.EclipseLogger - Installing C:\Users\ADMINI~1\AppData\Local\Temp\mvninstall342419599683334332.pom to C:\Users\Administrator\.m2\repository\javax\management\jmxremote_optional\1.0.1_04\jmxremote_optional-1.0.1_04.pom
2018-09-28 20:09:06,930 [Worker-5] INFO  o.e.m.c.i.e.AbstractTransferListenerAdapter - Downloaded https://repo.maven.apache.org/maven2/javax/management/jmxri/1.2.1/jmxri-1.2.1.jar
2018-09-28 20:09:06,937 [Worker-5] INFO  o.e.m.c.i.embedder.EclipseLogger - Installing D:\myeclipse\configuration\org.eclipse.osgi\70\0\.cp\data\1.2\lib\dependencies\jmx\jmxri.jar to C:\Users\Administrator\.m2\repository\javax\management\jmxri\1.2.1\jmxri-1.2.1.jar
2018-09-28 20:09:06,952 [Worker-5] INFO  o.e.m.c.i.embedder.EclipseLogger - Installing C:\Users\ADMINI~1\AppData\Local\Temp\mvninstall6865928373979864172.pom to C:\Users\Administrator\.m2\repository\javax\management\jmxri\1.2.1\jmxri-1.2.1.pom
2018-09-28 20:09:07,905 [Worker-5] INFO  o.e.m.c.i.e.AbstractTransferListenerAdapter - Downloaded https://repo.maven.apache.org/maven2/jdo/jdo/1.0.1/jdo-1.0.1.jar
2018-09-28 20:09:07,911 [Worker-5] INFO  o.e.m.c.i.embedder.EclipseLogger - Installing D:\myeclipse\configuration\org.eclipse.osgi\70\0\.cp\data\1.2\lib\dependencies\jdo\jdo2.jar to C:\Users\Administrator\.m2\repository\jdo\jdo\1.0.1\jdo-1.0.1.jar
2018-09-28 20:09:07,944 [Worker-5] INFO  o.e.m.c.i.embedder.EclipseLogger - Installing C:\Users\ADMINI~1\AppData\Local\Temp\mvninstall2880918040575577944.pom to C:\Users\Administrator\.m2\repository\jdo\jdo\1.0.1\jdo-1.0.1.pom
2018-09-28 20:09:08,873 [Worker-5] INFO  o.e.m.c.i.e.AbstractTransferListenerAdapter - Downloaded https://repo.maven.apache.org/maven2/com/bea/wlplatform/commonj-twm/1.1/commonj-twm-1.1.jar
2018-09-28 20:09:08,879 [Worker-5] INFO  o.e.m.c.i.embedder.EclipseLogger - Installing D:\myeclipse\configuration\org.eclipse.osgi\70\0\.cp\data\2.0\lib\commonj\commonj-twm.jar to C:\Users\Administrator\.m2\repository\com\bea\wlplatform\commonj-twm\1.1\commonj-twm-1.1.jar
2018-09-28 20:09:08,894 [Worker-5] INFO  o.e.m.c.i.embedder.EclipseLogger - Installing C:\Users\ADMINI~1\AppData\Local\Temp\mvninstall6351232541573073012.pom to C:\Users\Administrator\.m2\repository\com\bea\wlplatform\commonj-twm\1.1\commonj-twm-1.1.pom
2018-09-28 20:09:09,750 [Worker-5] INFO  o.e.m.c.i.e.AbstractTransferListenerAdapter - Downloaded https://repo.maven.apache.org/maven2/com/oracle/toplink/toplink/10.1.3/toplink-10.1.3.jar
2018-09-28 20:09:09,755 [Worker-5] INFO  o.e.m.c.i.embedder.EclipseLogger - Installing D:\myeclipse\configuration\org.eclipse.osgi\70\0\.cp\data\2.0\lib\toplink\toplink-api.jar to C:\Users\Administrator\.m2\repository\com\oracle\toplink\toplink\10.1.3\toplink-10.1.3.jar
2018-09-28 20:09:09,775 [Worker-5] INFO  o.e.m.c.i.embedder.EclipseLogger - Installing C:\Users\ADMINI~1\AppData\Local\Temp\mvninstall6873046435942181300.pom to C:\Users\Administrator\.m2\repository\com\oracle\toplink\toplink\10.1.3\toplink-10.1.3.pom
2018-09-28 20:09:10,616 [Worker-5] INFO  o.e.m.c.i.e.AbstractTransferListenerAdapter - Downloaded https://repo.maven.apache.org/maven2/org/codehaus/groovy/1.0/groovy-1.0.jar
2018-09-28 20:09:10,621 [Worker-5] INFO  o.e.m.c.i.embedder.EclipseLogger - Installing D:\myeclipse\configuration\org.eclipse.osgi\70\0\.cp\data\2.0\lib\groovy\groovy-1.0.jar to C:\Users\Administrator\.m2\repository\org\codehaus\groovy\1.0\groovy-1.0.jar
2018-09-28 20:09:10,647 [Worker-5] INFO  o.e.m.c.i.embedder.EclipseLogger - Installing C:\Users\ADMINI~1\AppData\Local\Temp\mvninstall2650764470377616576.pom to C:\Users\Administrator\.m2\repository\org\codehaus\groovy\1.0\groovy-1.0.pom
2018-09-28 20:09:11,550 [Worker-5] INFO  o.e.m.c.i.e.AbstractTransferListenerAdapter - Downloaded https://repo.maven.apache.org/maven2/org/springframework/security/org.springframework.security.core/3.0.5.RELEASE/org.springframework.security.core-3.0.5.RELEASE.jar
2018-09-28 20:09:11,556 [Worker-5] INFO  o.e.m.c.i.embedder.EclipseLogger - Installing D:\myeclipse\configuration\org.eclipse.osgi\71\0\.cp\data\security-3.0\spring-security-core-3.0.5.RELEASE.jar to C:\Users\Administrator\.m2\repository\org\springframework\security\org.springframework.security.core\3.0.5.RELEASE\org.springframework.security.core-3.0.5.RELEASE.jar
2018-09-28 20:09:11,575 [Worker-5] INFO  o.e.m.c.i.embedder.EclipseLogger - Installing C:\Users\ADMINI~1\AppData\Local\Temp\mvninstall6565188619383533885.pom to C:\Users\Administrator\.m2\repository\org\springframework\security\org.springframework.security.core\3.0.5.RELEASE\org.springframework.security.core-3.0.5.RELEASE.pom
2018-09-28 20:09:12,551 [Worker-5] INFO  o.e.m.c.i.e.AbstractTransferListenerAdapter - Downloaded https://repo.maven.apache.org/maven2/org/springframework/security/org.springframework.security.web/3.0.5.RELEASE/org.springframework.security.web-3.0.5.RELEASE.jar
2018-09-28 20:09:12,558 [Worker-5] INFO  o.e.m.c.i.embedder.EclipseLogger - Installing D:\myeclipse\configuration\org.eclipse.osgi\71\0\.cp\data\security-3.0\spring-security-web-3.0.5.RELEASE.jar to C:\Users\Administrator\.m2\repository\org\springframework\security\org.springframework.security.web\3.0.5.RELEASE\org.springframework.security.web-3.0.5.RELEASE.jar
2018-09-28 20:09:12,571 [Worker-5] INFO  o.e.m.c.i.embedder.EclipseLogger - Installing C:\Users\ADMINI~1\AppData\Local\Temp\mvninstall2237942707418595542.pom to C:\Users\Administrator\.m2\repository\org\springframework\security\org.springframework.security.web\3.0.5.RELEASE\org.springframework.security.web-3.0.5.RELEASE.pom
2018-09-28 20:09:13,461 [Worker-5] INFO  o.e.m.c.i.e.AbstractTransferListenerAdapter - Downloaded https://repo.maven.apache.org/maven2/org/springframework/security/org.springframework.security.config/3.0.5.RELEASE/org.springframework.security.config-3.0.5.RELEASE.jar
2018-09-28 20:09:13,467 [Worker-5] INFO  o.e.m.c.i.embedder.EclipseLogger - Installing D:\myeclipse\configuration\org.eclipse.osgi\71\0\.cp\data\security-3.0\spring-security-config-3.0.5.RELEASE.jar to C:\Users\Administrator\.m2\repository\org\springframework\security\org.springframework.security.config\3.0.5.RELEASE\org.springframework.security.config-3.0.5.RELEASE.jar
2018-09-28 20:09:13,481 [Worker-5] INFO  o.e.m.c.i.embedder.EclipseLogger - Installing C:\Users\ADMINI~1\AppData\Local\Temp\mvninstall8726481650137840115.pom to C:\Users\Administrator\.m2\repository\org\springframework\security\org.springframework.security.config\3.0.5.RELEASE\org.springframework.security.config-3.0.5.RELEASE.pom
2018-09-28 20:09:14,391 [Worker-5] INFO  o.e.m.c.i.e.AbstractTransferListenerAdapter - Downloaded https://repo.maven.apache.org/maven2/org/springframework/security/org.springframework.security.ldap/3.0.5.RELEASE/org.springframework.security.ldap-3.0.5.RELEASE.jar
2018-09-28 20:09:14,398 [Worker-5] INFO  o.e.m.c.i.embedder.EclipseLogger - Installing D:\myeclipse\configuration\org.eclipse.osgi\71\0\.cp\data\security-3.0\spring-security-ldap-3.0.5.RELEASE.jar to C:\Users\Administrator\.m2\repository\org\springframework\security\org.springframework.security.ldap\3.0.5.RELEASE\org.springframework.security.ldap-3.0.5.RELEASE.jar
2018-09-28 20:09:14,412 [Worker-5] INFO  o.e.m.c.i.embedder.EclipseLogger - Installing C:\Users\ADMINI~1\AppData\Local\Temp\mvninstall7172828758157603527.pom to C:\Users\Administrator\.m2\repository\org\springframework\security\org.springframework.security.ldap\3.0.5.RELEASE\org.springframework.security.ldap-3.0.5.RELEASE.pom
2018-09-28 20:09:15,310 [Worker-5] INFO  o.e.m.c.i.e.AbstractTransferListenerAdapter - Downloaded https://repo.maven.apache.org/maven2/org/springframework/security/org.springframework.security.taglibs/3.0.5.RELEASE/org.springframework.security.taglibs-3.0.5.RELEASE.jar
2018-09-28 20:09:15,316 [Worker-5] INFO  o.e.m.c.i.embedder.EclipseLogger - Installing D:\myeclipse\configuration\org.eclipse.osgi\71\0\.cp\data\security-3.0\spring-security-taglibs-3.0.5.RELEASE.jar to C:\Users\Administrator\.m2\repository\org\springframework\security\org.springframework.security.taglibs\3.0.5.RELEASE\org.springframework.security.taglibs-3.0.5.RELEASE.jar
2018-09-28 20:09:15,331 [Worker-5] INFO  o.e.m.c.i.embedder.EclipseLogger - Installing C:\Users\ADMINI~1\AppData\Local\Temp\mvninstall289472911616073436.pom to C:\Users\Administrator\.m2\repository\org\springframework\security\org.springframework.security.taglibs\3.0.5.RELEASE\org.springframework.security.taglibs-3.0.5.RELEASE.pom
2018-09-28 20:09:16,206 [Worker-5] INFO  o.e.m.c.i.e.AbstractTransferListenerAdapter - Downloaded https://repo.maven.apache.org/maven2/com/bea/commonj/com.springsource.commonj/1.1.0/com.springsource.commonj-1.1.0.jar
2018-09-28 20:09:16,211 [Worker-5] INFO  o.e.m.c.i.embedder.EclipseLogger - Installing D:\myeclipse\configuration\org.eclipse.osgi\71\0\.cp\data\3.0\lib\misc\com.springsource.commonj-1.1.0.jar to C:\Users\Administrator\.m2\repository\com\bea\commonj\com.springsource.commonj\1.1.0\com.springsource.commonj-1.1.0.jar
2018-09-28 20:09:16,230 [Worker-5] INFO  o.e.m.c.i.embedder.EclipseLogger - Installing C:\Users\ADMINI~1\AppData\Local\Temp\mvninstall8476928017508295749.pom to C:\Users\Administrator\.m2\repository\com\bea\commonj\com.springsource.commonj\1.1.0\com.springsource.commonj-1.1.0.pom
2018-09-28 20:09:17,167 [Worker-5] INFO  o.e.m.c.i.e.AbstractTransferListenerAdapter - Downloaded https://repo.maven.apache.org/maven2/com/opensymphony/quartz/com.springsource.org.quartz/1.6.2/com.springsource.org.quartz-1.6.2.jar
2018-09-28 20:09:17,172 [Worker-5] INFO  o.e.m.c.i.embedder.EclipseLogger - Installing D:\myeclipse\configuration\org.eclipse.osgi\71\0\.cp\data\3.0\lib\misc\com.springsource.org.quartz-1.6.2.jar to C:\Users\Administrator\.m2\repository\com\opensymphony\quartz\com.springsource.org.quartz\1.6.2\com.springsource.org.quartz-1.6.2.jar
2018-09-28 20:09:17,191 [Worker-5] INFO  o.e.m.c.i.embedder.EclipseLogger - Installing C:\Users\ADMINI~1\AppData\Local\Temp\mvninstall7597829688229584665.pom to C:\Users\Administrator\.m2\repository\com\opensymphony\quartz\com.springsource.org.quartz\1.6.2\com.springsource.org.quartz-1.6.2.pom
2018-09-28 20:09:18,071 [Worker-5] INFO  o.e.m.c.i.e.AbstractTransferListenerAdapter - Downloaded https://repo.maven.apache.org/maven2/javax/jdo/jdo2-api/2.1.0/jdo2-api-2.1.0.jar
2018-09-28 20:09:18,076 [Worker-5] INFO  o.e.m.c.i.embedder.EclipseLogger - Installing D:\myeclipse\configuration\org.eclipse.osgi\71\0\.cp\data\3.0\lib\persistJDO\com.springsource.javax.jdo-2.1.0.jar to C:\Users\Administrator\.m2\repository\javax\jdo\jdo2-api\2.1.0\jdo2-api-2.1.0.jar
2018-09-28 20:09:18,092 [Worker-5] INFO  o.e.m.c.i.embedder.EclipseLogger - Installing C:\Users\ADMINI~1\AppData\Local\Temp\mvninstall4120744126116463170.pom to C:\Users\Administrator\.m2\repository\javax\jdo\jdo2-api\2.1.0\jdo2-api-2.1.0.pom
2018-09-28 20:09:19,114 [Worker-5] INFO  o.e.m.c.i.e.AbstractTransferListenerAdapter - Downloaded https://repo.maven.apache.org/maven2/com/caucho/com.springsource.com.caucho/3.2.1/com.springsource.com.caucho-3.2.1.jar
2018-09-28 20:09:19,118 [Worker-5] INFO  o.e.m.c.i.embedder.EclipseLogger - Installing D:\myeclipse\configuration\org.eclipse.osgi\71\0\.cp\data\3.0\lib\remoting\com.springsource.com.caucho-3.2.1.jar to C:\Users\Administrator\.m2\repository\com\caucho\com.springsource.com.caucho\3.2.1\com.springsource.com.caucho-3.2.1.jar
2018-09-28 20:09:19,141 [Worker-5] INFO  o.e.m.c.i.embedder.EclipseLogger - Installing C:\Users\ADMINI~1\AppData\Local\Temp\mvninstall3144598434149685138.pom to C:\Users\Administrator\.m2\repository\com\caucho\com.springsource.com.caucho\3.2.1\com.springsource.com.caucho-3.2.1.pom
2018-09-28 20:09:19,981 [Worker-5] INFO  o.e.m.c.i.e.AbstractTransferListenerAdapter - Downloaded https://repo.maven.apache.org/maven2/org/codehaus/jackson/com.springsource.org.codehaus.jackson.mapper/1.0.0/com.springsource.org.codehaus.jackson.mapper-1.0.0.jar
2018-09-28 20:09:19,987 [Worker-5] INFO  o.e.m.c.i.embedder.EclipseLogger - Installing D:\myeclipse\configuration\org.eclipse.osgi\71\0\.cp\data\3.0\lib\web\com.springsource.org.codehaus.jackson.mapper-1.0.0.jar to C:\Users\Administrator\.m2\repository\org\codehaus\jackson\com.springsource.org.codehaus.jackson.mapper\1.0.0\com.springsource.org.codehaus.jackson.mapper-1.0.0.jar
2018-09-28 20:09:20,006 [Worker-5] INFO  o.e.m.c.i.embedder.EclipseLogger - Installing C:\Users\ADMINI~1\AppData\Local\Temp\mvninstall1415129675700826162.pom to C:\Users\Administrator\.m2\repository\org\codehaus\jackson\com.springsource.org.codehaus.jackson.mapper\1.0.0\com.springsource.org.codehaus.jackson.mapper-1.0.0.pom
2018-09-28 20:09:21,204 [Worker-5] INFO  o.e.m.c.i.e.AbstractTransferListenerAdapter - Downloaded https://repo.maven.apache.org/maven2/org/junit/com.springsource.org.junit/4.7.0/com.springsource.org.junit-4.7.0.jar
2018-09-28 20:09:21,209 [Worker-5] INFO  o.e.m.c.i.embedder.EclipseLogger - Installing D:\myeclipse\configuration\org.eclipse.osgi\71\0\.cp\data\3.0\lib\test\com.springsource.org.junit-4.7.0.jar to C:\Users\Administrator\.m2\repository\org\junit\com.springsource.org.junit\4.7.0\com.springsource.org.junit-4.7.0.jar
2018-09-28 20:09:21,227 [Worker-5] INFO  o.e.m.c.i.embedder.EclipseLogger - Installing C:\Users\ADMINI~1\AppData\Local\Temp\mvninstall982871169910147185.pom to C:\Users\Administrator\.m2\repository\org\junit\com.springsource.org.junit\4.7.0\com.springsource.org.junit-4.7.0.pom
2018-09-28 20:09:22,604 [Worker-5] INFO  o.e.m.c.i.e.AbstractTransferListenerAdapter - Downloaded https://repo.maven.apache.org/maven2/javax/inject/com.springsource.javax.inject/1.0.0/com.springsource.javax.inject-1.0.0.jar
2018-09-28 20:09:22,609 [Worker-5] INFO  o.e.m.c.i.embedder.EclipseLogger - Installing D:\myeclipse\configuration\org.eclipse.osgi\71\0\.cp\data\3.0\lib\test\com.springsource.javax.inject-1.0.0.jar to C:\Users\Administrator\.m2\repository\javax\inject\com.springsource.javax.inject\1.0.0\com.springsource.javax.inject-1.0.0.jar
2018-09-28 20:09:22,626 [Worker-5] INFO  o.e.m.c.i.embedder.EclipseLogger - Installing C:\Users\ADMINI~1\AppData\Local\Temp\mvninstall6222401094567629391.pom to C:\Users\Administrator\.m2\repository\javax\inject\com.springsource.javax.inject\1.0.0\com.springsource.javax.inject-1.0.0.pom
2018-09-28 20:09:23,761 [Worker-5] INFO  o.e.m.c.i.e.AbstractTransferListenerAdapter - Downloaded https://repo.maven.apache.org/maven2/org/apache/commons/com.springsource.org.apache.commons.lang/2.4.0/com.springsource.org.apache.commons.lang-2.4.0.jar
2018-09-28 20:09:23,766 [Worker-5] INFO  o.e.m.c.i.embedder.EclipseLogger - Installing D:\myeclipse\configuration\org.eclipse.osgi\71\0\.cp\data\3.0\lib\persistJdbc\com.springsource.org.apache.commons.lang-2.4.0.jar to C:\Users\Administrator\.m2\repository\org\apache\commons\com.springsource.org.apache.commons.lang\2.4.0\com.springsource.org.apache.commons.lang-2.4.0.jar
2018-09-28 20:09:23,784 [Worker-5] INFO  o.e.m.c.i.embedder.EclipseLogger - Installing C:\Users\ADMINI~1\AppData\Local\Temp\mvninstall6099437362594741800.pom to C:\Users\Administrator\.m2\repository\org\apache\commons\com.springsource.org.apache.commons.lang\2.4.0\com.springsource.org.apache.commons.lang-2.4.0.pom
2018-09-28 20:09:24,732 [Worker-5] INFO  o.e.m.c.i.e.AbstractTransferListenerAdapter - Downloaded https://repo.maven.apache.org/maven2/com/sun/jdmk/jmxtools/1.2.1/jmxtools-1.2.1.jar
2018-09-28 20:09:24,737 [Worker-5] INFO  o.e.m.c.i.embedder.EclipseLogger - Installing D:\myeclipse\configuration\org.eclipse.osgi\71\0\.cp\data\3.0\lib\core\jmxtools-1.2.1.jar to C:\Users\Administrator\.m2\repository\com\sun\jdmk\jmxtools\1.2.1\jmxtools-1.2.1.jar
2018-09-28 20:09:24,758 [Worker-5] INFO  o.e.m.c.i.embedder.EclipseLogger - Installing C:\Users\ADMINI~1\AppData\Local\Temp\mvninstall5559973138196085842.pom to C:\Users\Administrator\.m2\repository\com\sun\jdmk\jmxtools\1.2.1\jmxtools-1.2.1.pom
2018-09-28 20:09:26,108 [Worker-5] INFO  o.e.m.c.i.e.AbstractTransferListenerAdapter - Downloaded https://repo.maven.apache.org/maven2/org/aspectj/aspectjweaver/1.6.8.RELEASE/aspectjweaver-1.6.8.RELEASE.jar
2018-09-28 20:09:26,114 [Worker-5] INFO  o.e.m.c.i.embedder.EclipseLogger - Installing D:\myeclipse\configuration\org.eclipse.osgi\71\0\.cp\data\3.0\lib\aop\com.springsource.org.aspectj.weaver-1.6.8.RELEASE.jar to C:\Users\Administrator\.m2\repository\org\aspectj\aspectjweaver\1.6.8.RELEASE\aspectjweaver-1.6.8.RELEASE.jar
2018-09-28 20:09:26,133 [Worker-5] INFO  o.e.m.c.i.embedder.EclipseLogger - Installing C:\Users\ADMINI~1\AppData\Local\Temp\mvninstall6276256049502095128.pom to C:\Users\Administrator\.m2\repository\org\aspectj\aspectjweaver\1.6.8.RELEASE\aspectjweaver-1.6.8.RELEASE.pom
2018-09-28 20:09:27,869 [Worker-5] INFO  o.e.m.c.i.e.AbstractTransferListenerAdapter - Downloaded https://repo.maven.apache.org/maven2/com/google/code/guice/guice/2.0/guice-2.0.jar
2018-09-28 20:09:27,874 [Worker-5] INFO  o.e.m.c.i.embedder.EclipseLogger - Installing D:\myeclipse\configuration\org.eclipse.osgi\72\0\.cp\data\security-3.1\deps\guice-2.0.jar to C:\Users\Administrator\.m2\repository\com\google\code\guice\guice\2.0\guice-2.0.jar
2018-09-28 20:09:27,898 [Worker-5] INFO  o.e.m.c.i.embedder.EclipseLogger - Installing C:\Users\ADMINI~1\AppData\Local\Temp\mvninstall3141004776793364421.pom to C:\Users\Administrator\.m2\repository\com\google\code\guice\guice\2.0\guice-2.0.pom
2018-09-28 20:09:29,068 [Worker-5] INFO  o.e.m.c.i.e.AbstractTransferListenerAdapter - Downloaded https://repo.maven.apache.org/maven2/jdo/jdori/1.0.1/jdori-1.0.1.jar
2018-09-28 20:09:29,074 [Worker-5] INFO  o.e.m.c.i.embedder.EclipseLogger - Installing D:\myeclipse\configuration\org.eclipse.osgi\75\0\.cp\dependencies\jdori-1.0.1.jar to C:\Users\Administrator\.m2\repository\jdo\jdori\1.0.1\jdori-1.0.1.jar
2018-09-28 20:09:29,093 [Worker-5] INFO  o.e.m.c.i.embedder.EclipseLogger - Installing C:\Users\ADMINI~1\AppData\Local\Temp\mvninstall1631497880664953430.pom to C:\Users\Administrator\.m2\repository\jdo\jdori\1.0.1\jdori-1.0.1.pom
2018-09-28 20:09:30,022 [Worker-5] INFO  o.e.m.c.i.e.AbstractTransferListenerAdapter - Downloaded https://repo.maven.apache.org/maven2/javax/jws/jsr181/1.0/jsr181-1.0.jar
2018-09-28 20:09:30,029 [Worker-5] INFO  o.e.m.c.i.embedder.EclipseLogger - Installing D:\myeclipse\configuration\org.eclipse.osgi\75\0\.cp\dependencies\jsr181-api.jar to C:\Users\Administrator\.m2\repository\javax\jws\jsr181\1.0\jsr181-1.0.jar
2018-09-28 20:09:30,061 [Worker-5] INFO  o.e.m.c.i.embedder.EclipseLogger - Installing C:\Users\ADMINI~1\AppData\Local\Temp\mvninstall6752075812107619283.pom to C:\Users\Administrator\.m2\repository\javax\jws\jsr181\1.0\jsr181-1.0.pom
2018-09-28 20:09:31,477 [Worker-5] INFO  o.e.m.c.i.e.AbstractTransferListenerAdapter - Downloaded https://repo.maven.apache.org/maven2/javax/xml/jaxr-api/1.0_03/jaxr-api-1.0_03.jar
2018-09-28 20:09:31,483 [Worker-5] INFO  o.e.m.c.i.embedder.EclipseLogger - Installing D:\myeclipse\configuration\org.eclipse.osgi\75\0\.cp\dependencies\jaxr-api.jar to C:\Users\Administrator\.m2\repository\javax\xml\jaxr-api\1.0_03\jaxr-api-1.0_03.jar
2018-09-28 20:09:31,499 [Worker-5] INFO  o.e.m.c.i.embedder.EclipseLogger - Installing C:\Users\ADMINI~1\AppData\Local\Temp\mvninstall5301088192661781739.pom to C:\Users\Administrator\.m2\repository\javax\xml\jaxr-api\1.0_03\jaxr-api-1.0_03.pom
2018-09-28 20:09:32,467 [Worker-5] INFO  o.e.m.c.i.e.AbstractTransferListenerAdapter - Downloaded https://repo.maven.apache.org/maven2/org/eclipse/persistence/eclipselink/1.0.2/eclipselink-1.0.2.jar
2018-09-28 20:09:32,472 [Worker-5] INFO  o.e.m.c.i.embedder.EclipseLogger - Installing D:\myeclipse\configuration\org.eclipse.osgi\95\0\.cp\data\eclipselink\1.0\eclipselink.jar to C:\Users\Administrator\.m2\repository\org\eclipse\persistence\eclipselink\1.0.2\eclipselink-1.0.2.jar
2018-09-28 20:09:32,493 [Worker-5] INFO  o.e.m.c.i.embedder.EclipseLogger - Installing C:\Users\ADMINI~1\AppData\Local\Temp\mvninstall1332034279573755532.pom to C:\Users\Administrator\.m2\repository\org\eclipse\persistence\eclipselink\1.0.2\eclipselink-1.0.2.pom
2018-09-28 20:09:33,330 [Worker-5] INFO  o.e.m.c.i.e.AbstractTransferListenerAdapter - Downloaded https://repo.maven.apache.org/maven2/org/eclipse/persistence/javax.persistence/1.0.0/javax.persistence-1.0.0.jar
2018-09-28 20:09:33,336 [Worker-5] INFO  o.e.m.c.i.embedder.EclipseLogger - Installing D:\myeclipse\configuration\org.eclipse.osgi\95\0\.cp\data\eclipselink\1.0\javax.persistence_1.0.0.jar to C:\Users\Administrator\.m2\repository\org\eclipse\persistence\javax.persistence\1.0.0\javax.persistence-1.0.0.jar
2018-09-28 20:09:33,353 [Worker-5] INFO  o.e.m.c.i.embedder.EclipseLogger - Installing C:\Users\ADMINI~1\AppData\Local\Temp\mvninstall3821552525989177185.pom to C:\Users\Administrator\.m2\repository\org\eclipse\persistence\javax.persistence\1.0.0\javax.persistence-1.0.0.pom
2018-09-28 20:09:34,241 [Worker-5] INFO  o.e.m.c.i.e.AbstractTransferListenerAdapter - Downloaded https://repo.maven.apache.org/maven2/javax/jms/jms/1.1/jms-1.1.jar
2018-09-28 20:09:34,246 [Worker-5] INFO  o.e.m.c.i.embedder.EclipseLogger - Installing D:\myeclipse\configuration\org.eclipse.osgi\95\0\.cp\data\openjpa\0.9\geronimo-jms_1.1_spec-1.0.1.jar to C:\Users\Administrator\.m2\repository\javax\jms\jms\1.1\jms-1.1.jar
2018-09-28 20:09:34,265 [Worker-5] INFO  o.e.m.c.i.embedder.EclipseLogger - Installing C:\Users\ADMINI~1\AppData\Local\Temp\mvninstall6173826249448887534.pom to C:\Users\Administrator\.m2\repository\javax\jms\jms\1.1\jms-1.1.pom
2018-09-28 20:09:35,162 [Worker-5] INFO  o.e.m.c.i.e.AbstractTransferListenerAdapter - Downloaded https://repo.maven.apache.org/maven2/myeclipse/pluto-taglib/1.0.1/pluto-taglib-1.0.1.jar
2018-09-28 20:09:35,169 [Worker-5] INFO  o.e.m.c.i.embedder.EclipseLogger - Installing D:\myeclipse\configuration\org.eclipse.osgi\96\0\.cp\data\lib\jsr168\pluto-taglib-1.0.1.jar to C:\Users\Administrator\.m2\repository\myeclipse\pluto-taglib\1.0.1\pluto-taglib-1.0.1.jar
2018-09-28 20:09:35,209 [Worker-5] INFO  o.e.m.c.i.embedder.EclipseLogger - Installing C:\Users\ADMINI~1\AppData\Local\Temp\mvninstall7296231532468065121.pom to C:\Users\Administrator\.m2\repository\myeclipse\pluto-taglib\1.0.1\pluto-taglib-1.0.1.pom
2018-09-28 20:09:36,056 [Worker-5] INFO  o.e.m.c.i.e.AbstractTransferListenerAdapter - Downloaded https://repo.maven.apache.org/maven2/myeclipse/pluto-taglib/2.0/pluto-taglib-2.0.jar
2018-09-28 20:09:36,062 [Worker-5] INFO  o.e.m.c.i.embedder.EclipseLogger - Installing D:\myeclipse\configuration\org.eclipse.osgi\96\0\.cp\data\lib\jsr286\pluto-taglib-2.0.0.jar to C:\Users\Administrator\.m2\repository\myeclipse\pluto-taglib\2.0\pluto-taglib-2.0.jar
2018-09-28 20:09:36,078 [Worker-5] INFO  o.e.m.c.i.embedder.EclipseLogger - Installing C:\Users\ADMINI~1\AppData\Local\Temp\mvninstall6441635611009053800.pom to C:\Users\Administrator\.m2\repository\myeclipse\pluto-taglib\2.0\pluto-taglib-2.0.pom
2018-09-28 20:09:36,995 [Worker-5] INFO  o.e.m.c.i.e.AbstractTransferListenerAdapter - Downloaded https://repo.maven.apache.org/maven2/myeclipse-reports/chartengineapi/2.2.0/chartengineapi-2.2.0.jar
2018-09-28 20:09:37,000 [Worker-5] INFO  o.e.m.c.i.embedder.EclipseLogger - Installing D:\myeclipse\configuration\org.eclipse.osgi\97\0\.cp\data\2.2\chartengineapi.jar to C:\Users\Administrator\.m2\repository\myeclipse-reports\chartengineapi\2.2.0\chartengineapi-2.2.0.jar
2018-09-28 20:09:37,040 [Worker-5] INFO  o.e.m.c.i.embedder.EclipseLogger - Installing C:\Users\ADMINI~1\AppData\Local\Temp\mvninstall99327316915475421.pom to C:\Users\Administrator\.m2\repository\myeclipse-reports\chartengineapi\2.2.0\chartengineapi-2.2.0.pom
2018-09-28 20:09:37,914 [Worker-5] INFO  o.e.m.c.i.e.AbstractTransferListenerAdapter - Downloaded https://repo.maven.apache.org/maven2/myeclipse-reports/coreapi/2.2.0/coreapi-2.2.0.jar
2018-09-28 20:09:37,919 [Worker-5] INFO  o.e.m.c.i.embedder.EclipseLogger - Installing D:\myeclipse\configuration\org.eclipse.osgi\97\0\.cp\data\2.2\coreapi.jar to C:\Users\Administrator\.m2\repository\myeclipse-reports\coreapi\2.2.0\coreapi-2.2.0.jar
2018-09-28 20:09:37,935 [Worker-5] INFO  o.e.m.c.i.embedder.EclipseLogger - Installing C:\Users\ADMINI~1\AppData\Local\Temp\mvninstall4164459866370166202.pom to C:\Users\Administrator\.m2\repository\myeclipse-reports\coreapi\2.2.0\coreapi-2.2.0.pom
2018-09-28 20:09:38,795 [Worker-5] INFO  o.e.m.c.i.e.AbstractTransferListenerAdapter - Downloaded https://repo.maven.apache.org/maven2/myeclipse-reports/dataadapterapi/2.2.0/dataadapterapi-2.2.0.jar
2018-09-28 20:09:41,361 [Worker-1] ERROR o.e.m.c.i.i.nexus.NexusIndexManager - Unable to update index for central|https://repo.maven.apache.org/maven2
org.eclipse.core.runtime.OperationCanceledException: null
	at org.eclipse.m2e.core.internal.index.nexus.AetherClientResourceFetcher.retrieve(AetherClientResourceFetcher.java:90) ~[org.eclipse.m2e.core_1.7.0.me201710050312.jar:na]
	at org.apache.maven.index.updater.AbstractResourceFetcher.retrieve(AbstractResourceFetcher.java:35) ~[indexer-core-3.1.0.jar:3.1.0]
	at org.apache.maven.index.updater.DefaultIndexUpdater$LocalCacheIndexAdaptor.setIndexFile(DefaultIndexUpdater.java:700) ~[indexer-core-3.1.0.jar:3.1.0]
	at org.apache.maven.index.updater.DefaultIndexUpdater.fetchAndUpdateIndex(DefaultIndexUpdater.java:829) ~[indexer-core-3.1.0.jar:3.1.0]
	at org.apache.maven.index.updater.DefaultIndexUpdater.fetchAndUpdateIndex(DefaultIndexUpdater.java:135) ~[indexer-core-3.1.0.jar:3.1.0]
	at org.eclipse.m2e.core.internal.index.nexus.NexusIndexManager.updateRemoteIndex(NexusIndexManager.java:1238) [org.eclipse.m2e.core_1.7.0.me201710050312.jar:na]
	at org.eclipse.m2e.core.internal.index.nexus.NexusIndexManager.updateIndex(NexusIndexManager.java:1193) [org.eclipse.m2e.core_1.7.0.me201710050312.jar:na]
	at org.eclipse.m2e.core.internal.index.nexus.NexusIndexManager$1.run(NexusIndexManager.java:703) [org.eclipse.m2e.core_1.7.0.me201710050312.jar:na]
	at org.eclipse.m2e.core.internal.index.nexus.IndexUpdaterJob.run(IndexUpdaterJob.java:72) [org.eclipse.m2e.core_1.7.0.me201710050312.jar:na]
	at org.eclipse.core.internal.jobs.Worker.run(Worker.java:55) [org.eclipse.core.jobs_3.8.0.v20160509-0411.jar:na]
2018-09-29 12:31:51,125 [Worker-7] INFO  c.g.t.t.d.PublishedGradleVersions - Gradle version information cache is up-to-date. Trying to read.
2018-09-29 12:31:56,533 [Worker-5] INFO  o.e.m.c.i.i.nexus.NexusIndexManager - Updating index for repository: central|https://repo.maven.apache.org/maven2
2018-09-29 12:31:56,617 [Worker-5] ERROR o.e.m.c.i.i.nexus.NexusIndexManager - Unable to update index for central|https://repo.maven.apache.org/maven2
java.net.UnknownHostException: repo.maven.apache.org
	at java.net.Inet6AddressImpl.lookupAllHostAddr(Native Method) ~[na:1.8.0_112]
	at java.net.InetAddress$2.lookupAllHostAddr(InetAddress.java:928) ~[na:1.8.0_112]
	at java.net.InetAddress.getAddressesFromNameService(InetAddress.java:1323) ~[na:1.8.0_112]
	at java.net.InetAddress.getAllByName0(InetAddress.java:1276) ~[na:1.8.0_112]
	at java.net.InetAddress.getAllByName(InetAddress.java:1192) ~[na:1.8.0_112]
	at java.net.InetAddress.getAllByName(InetAddress.java:1126) ~[na:1.8.0_112]
	at com.squareup.okhttp.internal.Network$1.resolveInetAddresses(Network.java:29) ~[na:na]
	at com.squareup.okhttp.internal.http.RouteSelector.resetNextInetSocketAddress(RouteSelector.java:187) ~[na:na]
	at com.squareup.okhttp.internal.http.RouteSelector.nextProxy(RouteSelector.java:156) ~[na:na]
	at com.squareup.okhttp.internal.http.RouteSelector.next(RouteSelector.java:98) ~[na:na]
	at com.squareup.okhttp.internal.http.HttpEngine.createNextConnection(HttpEngine.java:344) ~[na:na]
	at com.squareup.okhttp.internal.http.HttpEngine.connect(HttpEngine.java:327) ~[na:na]
	at com.squareup.okhttp.internal.http.HttpEngine.sendRequest(HttpEngine.java:245) ~[na:na]
	at com.squareup.okhttp.Call.getResponse(Call.java:267) ~[na:na]
	at com.squareup.okhttp.Call$ApplicationInterceptorChain.proceed(Call.java:224) ~[na:na]
	at com.squareup.okhttp.Call.getResponseWithInterceptorChain(Call.java:195) ~[na:na]
	at com.squareup.okhttp.Call.execute(Call.java:79) ~[na:na]
	at io.takari.aether.okhttp.OkHttpAetherClient.execute(OkHttpAetherClient.java:167) ~[aether-connector-okhttp-0.16.0.jar:0.16.0]
	at io.takari.aether.okhttp.OkHttpAetherClient.get(OkHttpAetherClient.java:113) ~[aether-connector-okhttp-0.16.0.jar:0.16.0]
	at org.eclipse.m2e.core.internal.index.nexus.AetherClientResourceFetcher.retrieve(AetherClientResourceFetcher.java:79) ~[org.eclipse.m2e.core_1.7.0.me201710050312.jar:na]
	at org.apache.maven.index.updater.AbstractResourceFetcher.retrieve(AbstractResourceFetcher.java:35) ~[indexer-core-3.1.0.jar:3.1.0]
	at org.apache.maven.index.updater.DefaultIndexUpdater.downloadIndexProperties(DefaultIndexUpdater.java:452) ~[indexer-core-3.1.0.jar:3.1.0]
	at org.apache.maven.index.updater.DefaultIndexUpdater.access$100(DefaultIndexUpdater.java:75) ~[indexer-core-3.1.0.jar:3.1.0]
	at org.apache.maven.index.updater.DefaultIndexUpdater$IndexAdaptor.setProperties(DefaultIndexUpdater.java:607) ~[indexer-core-3.1.0.jar:3.1.0]
	at org.apache.maven.index.updater.DefaultIndexUpdater.fetchAndUpdateIndex(DefaultIndexUpdater.java:788) ~[indexer-core-3.1.0.jar:3.1.0]
	at org.apache.maven.index.updater.DefaultIndexUpdater.fetchAndUpdateIndex(DefaultIndexUpdater.java:135) ~[indexer-core-3.1.0.jar:3.1.0]
	at org.eclipse.m2e.core.internal.index.nexus.NexusIndexManager.updateRemoteIndex(NexusIndexManager.java:1238) [org.eclipse.m2e.core_1.7.0.me201710050312.jar:na]
	at org.eclipse.m2e.core.internal.index.nexus.NexusIndexManager.updateIndex(NexusIndexManager.java:1193) [org.eclipse.m2e.core_1.7.0.me201710050312.jar:na]
	at org.eclipse.m2e.core.internal.index.nexus.NexusIndexManager$1.run(NexusIndexManager.java:703) [org.eclipse.m2e.core_1.7.0.me201710050312.jar:na]
	at org.eclipse.m2e.core.internal.index.nexus.IndexUpdaterJob.run(IndexUpdaterJob.java:72) [org.eclipse.m2e.core_1.7.0.me201710050312.jar:na]
	at org.eclipse.core.internal.jobs.Worker.run(Worker.java:55) [org.eclipse.core.jobs_3.8.0.v20160509-0411.jar:na]
